TN:
SF:src\App.tsx
FN:134,(anonymous_0)
FN:211,(anonymous_1)
FN:293,App
FN:308,(anonymous_3)
FN:316,(anonymous_4)
FN:326,(anonymous_5)
FN:370,(anonymous_6)
FN:388,(anonymous_7)
FN:396,(anonymous_8)
FN:402,(anonymous_9)
FN:410,HomePage
FN:424,(anonymous_11)
FN:425,(anonymous_12)
FN:426,(anonymous_13)
FN:428,(anonymous_14)
FN:431,(anonymous_15)
FN:488,(anonymous_16)
FN:522,(anonymous_17)
FN:546,(anonymous_18)
FN:564,(anonymous_19)
FN:584,(anonymous_20)
FN:605,(anonymous_21)
FN:636,(anonymous_22)
FN:643,(anonymous_23)
FN:669,(anonymous_24)
FNF:25
FNH:0
FNDA:0,(anonymous_0)
FNDA:0,(anonymous_1)
FNDA:0,App
FNDA:0,(anonymous_3)
FNDA:0,(anonymous_4)
FNDA:0,(anonymous_5)
FNDA:0,(anonymous_6)
FNDA:0,(anonymous_7)
FNDA:0,(anonymous_8)
FNDA:0,(anonymous_9)
FNDA:0,HomePage
FNDA:0,(anonymous_11)
FNDA:0,(anonymous_12)
FNDA:0,(anonymous_13)
FNDA:0,(anonymous_14)
FNDA:0,(anonymous_15)
FNDA:0,(anonymous_16)
FNDA:0,(anonymous_17)
FNDA:0,(anonymous_18)
FNDA:0,(anonymous_19)
FNDA:0,(anonymous_20)
FNDA:0,(anonymous_21)
FNDA:0,(anonymous_22)
FNDA:0,(anonymous_23)
FNDA:0,(anonymous_24)
DA:134,0
DA:136,0
DA:209,0
DA:211,0
DA:216,0
DA:290,0
DA:291,0
DA:294,0
DA:295,0
DA:296,0
DA:297,0
DA:299,0
DA:302,0
DA:304,0
DA:305,0
DA:306,0
DA:308,0
DA:309,0
DA:310,0
DA:312,0
DA:316,0
DA:317,0
DA:318,0
DA:320,0
DA:326,0
DA:327,0
DA:328,0
DA:330,0
DA:332,0
DA:342,0
DA:343,0
DA:344,0
DA:349,0
DA:351,0
DA:352,0
DA:355,0
DA:356,0
DA:359,0
DA:360,0
DA:361,0
DA:363,0
DA:367,0
DA:371,0
DA:382,0
DA:388,0
DA:390,0
DA:391,0
DA:396,0
DA:398,0
DA:402,0
DA:403,0
DA:404,0
DA:406,0
DA:411,0
DA:412,0
DA:413,0
DA:414,0
DA:423,0
DA:424,0
DA:425,0
DA:426,0
DA:428,0
DA:431,0
DA:432,0
DA:433,0
DA:434,0
DA:437,0
DA:488,0
DA:523,0
DA:548,0
DA:565,0
DA:585,0
DA:586,0
DA:587,0
DA:592,0
DA:593,0
DA:606,0
DA:621,0
DA:629,0
DA:630,0
DA:636,0
DA:643,0
DA:669,0
DA:670,0
LF:84
LH:0
BRDA:210,0,0,0
BRDA:210,0,1,0
BRDA:290,1,0,0
BRDA:290,1,1,0
BRDA:291,2,0,0
BRDA:291,2,1,0
BRDA:309,3,0,0
BRDA:309,3,1,0
BRDA:318,4,0,0
BRDA:318,4,1,0
BRDA:342,5,0,0
BRDA:342,5,1,0
BRDA:345,6,0,0
BRDA:345,6,1,0
BRDA:351,7,0,0
BRDA:351,7,1,0
BRDA:351,8,0,0
BRDA:351,8,1,0
BRDA:361,9,0,0
BRDA:361,9,1,0
BRDA:361,10,0,0
BRDA:361,10,1,0
BRDA:375,11,0,0
BRDA:375,11,1,0
BRDA:376,12,0,0
BRDA:376,12,1,0
BRDA:377,13,0,0
BRDA:377,13,1,0
BRDA:378,14,0,0
BRDA:378,14,1,0
BRDA:393,15,0,0
BRDA:393,15,1,0
BRDA:433,16,0,0
BRDA:433,16,1,0
BRDA:466,17,0,0
BRDA:466,17,1,0
BRDA:472,18,0,0
BRDA:472,18,1,0
BRDA:481,19,0,0
BRDA:481,19,1,0
BRDA:490,20,0,0
BRDA:490,20,1,0
BRDA:496,21,0,0
BRDA:496,21,1,0
BRDA:529,22,0,0
BRDA:529,22,1,0
BRDA:561,23,0,0
BRDA:561,23,1,0
BRDA:570,24,0,0
BRDA:570,24,1,0
BRDA:587,25,0,0
BRDA:587,25,1,0
BRDA:588,26,0,0
BRDA:588,26,1,0
BRDA:588,26,2,0
BRDA:596,27,0,0
BRDA:596,27,1,0
BRDA:602,28,0,0
BRDA:602,28,1,0
BRDA:611,29,0,0
BRDA:611,29,1,0
BRDA:633,30,0,0
BRDA:633,30,1,0
BRDA:660,31,0,0
BRDA:660,31,1,0
BRDA:663,32,0,0
BRDA:663,32,1,0
BRF:67
BRH:0
end_of_record
TN:
SF:src\index.tsx
FNF:0
FNH:0
DA:10,0
DA:12,0
DA:16,0
LF:3
LH:0
BRDA:10,0,0,0
BRDA:10,0,1,0
BRF:2
BRH:0
end_of_record
TN:
SF:src\api\auth.ts
FN:3,signup
FN:12,verifyEmail
FN:21,login
FN:30,getCurrentUser
FN:37,resendVerification
FN:45,logout
FNF:6
FNH:0
FNDA:0,signup
FNDA:0,verifyEmail
FNDA:0,login
FNDA:0,getCurrentUser
FNDA:0,resendVerification
FNDA:0,logout
DA:1,0
DA:4,0
DA:9,0
DA:13,0
DA:18,0
DA:22,0
DA:27,0
DA:31,0
DA:34,0
DA:38,0
DA:39,0
DA:42,0
DA:47,0
LF:13
LH:0
BRF:0
BRH:0
end_of_record
TN:
SF:src\api\comparison.ts
FN:24,getStoredSessionId
FN:37,storeSessionId
FN:44,clearStoredSession
FN:49,getComparisonSession
FN:67,addComparisonItem
FN:100,removeComparisonItem
FN:125,getComparisonItems
FNF:7
FNH:1
FNDA:0,getStoredSessionId
FNDA:0,storeSessionId
FNDA:0,clearStoredSession
FNDA:15,getComparisonSession
FNDA:0,addComparisonItem
FNDA:0,removeComparisonItem
FNDA:0,getComparisonItems
DA:3,1
DA:21,1
DA:22,1
DA:26,0
DA:27,0
DA:29,0
DA:30,0
DA:31,0
DA:34,0
DA:39,0
DA:40,0
DA:41,0
DA:45,0
DA:46,0
DA:50,15
DA:55,0
DA:56,0
DA:59,0
DA:62,0
DA:64,0
DA:69,0
DA:71,0
DA:76,0
DA:77,0
DA:80,0
DA:86,0
DA:87,0
DA:90,0
DA:93,0
DA:94,0
DA:97,0
DA:102,0
DA:104,0
DA:107,0
DA:108,0
DA:111,0
DA:117,0
DA:118,0
DA:127,0
DA:129,0
DA:132,0
DA:133,0
DA:136,0
DA:142,0
DA:143,0
DA:146,0
LF:46
LH:4
BRDA:3,0,0,1
BRDA:3,0,1,0
BRDA:27,1,0,0
BRDA:27,1,1,0
BRDA:27,2,0,0
BRDA:27,2,1,0
BRDA:55,3,0,0
BRDA:55,3,1,0
BRDA:76,4,0,0
BRDA:76,4,1,0
BRDA:86,5,0,0
BRDA:86,5,1,0
BRDA:93,6,0,0
BRDA:93,6,1,0
BRDA:107,7,0,0
BRDA:107,7,1,0
BRDA:117,8,0,0
BRDA:117,8,1,0
BRDA:132,9,0,0
BRDA:132,9,1,0
BRDA:142,10,0,0
BRDA:142,10,1,0
BRF:22
BRH:1
end_of_record
TN:
SF:src\api\contextual.ts
FN:123,(anonymous_0)
FN:131,(anonymous_1)
FN:151,(anonymous_2)
FN:158,(anonymous_3)
FN:165,(anonymous_4)
FN:173,(anonymous_5)
FN:182,(anonymous_6)
FN:221,(anonymous_7)
FN:238,(anonymous_8)
FN:250,(anonymous_9)
FN:251,(anonymous_10)
FN:257,(anonymous_11)
FN:304,(anonymous_12)
FN:322,(anonymous_13)
FN:340,(anonymous_14)
FN:353,(anonymous_15)
FN:372,(anonymous_16)
FN:389,(anonymous_17)
FN:406,(anonymous_18)
FN:426,(anonymous_19)
FN:429,(anonymous_20)
FN:439,(anonymous_21)
FNF:22
FNH:0
FNDA:0,(anonymous_0)
FNDA:0,(anonymous_1)
FNDA:0,(anonymous_2)
FNDA:0,(anonymous_3)
FNDA:0,(anonymous_4)
FNDA:0,(anonymous_5)
FNDA:0,(anonymous_6)
FNDA:0,(anonymous_7)
FNDA:0,(anonymous_8)
FNDA:0,(anonymous_9)
FNDA:0,(anonymous_10)
FNDA:0,(anonymous_11)
FNDA:0,(anonymous_12)
FNDA:0,(anonymous_13)
FNDA:0,(anonymous_14)
FNDA:0,(anonymous_15)
FNDA:0,(anonymous_16)
FNDA:0,(anonymous_17)
FNDA:0,(anonymous_18)
FNDA:0,(anonymous_19)
FNDA:0,(anonymous_20)
FNDA:0,(anonymous_21)
DA:117,0
DA:118,0
DA:119,0
DA:120,0
DA:121,0
DA:124,0
DA:125,0
DA:133,0
DA:134,0
DA:136,0
DA:137,0
DA:139,0
DA:140,0
DA:143,0
DA:144,0
DA:152,0
DA:159,0
DA:166,0
DA:167,0
DA:174,0
DA:175,0
DA:176,0
DA:187,0
DA:190,0
DA:197,0
DA:198,0
DA:203,0
DA:204,0
DA:206,0
DA:207,0
DA:208,0
DA:210,0
DA:213,0
DA:215,0
DA:216,0
DA:217,0
DA:221,0
DA:222,0
DA:225,0
DA:227,0
DA:228,0
DA:229,0
DA:231,0
DA:239,0
DA:251,0
DA:261,0
DA:262,0
DA:266,0
DA:267,0
DA:271,0
DA:272,0
DA:273,0
DA:276,0
DA:284,0
DA:286,0
DA:287,0
DA:290,0
DA:291,0
DA:292,0
DA:295,0
DA:297,0
DA:307,0
DA:325,0
DA:341,0
DA:342,0
DA:356,0
DA:377,0
DA:397,0
DA:399,0
DA:402,0
DA:403,0
DA:404,0
DA:405,0
DA:406,0
DA:411,0
DA:415,0
DA:429,0
DA:430,0
DA:433,0
DA:448,0
DA:463,0
LF:81
LH:0
BRDA:124,0,0,0
BRDA:124,0,1,0
BRDA:136,1,0,0
BRDA:136,1,1,0
BRDA:143,2,0,0
BRDA:143,2,1,0
BRDA:159,3,0,0
BRDA:159,3,1,0
BRDA:184,4,0,0
BRDA:185,5,0,0
BRDA:193,6,0,0
BRDA:193,6,1,0
BRDA:203,7,0,0
BRDA:203,7,1,0
BRDA:204,8,0,0
BRDA:204,8,1,0
BRDA:206,9,0,0
BRDA:206,9,1,0
BRDA:213,10,0,0
BRDA:213,10,1,0
BRDA:216,11,0,0
BRDA:216,11,1,0
BRDA:222,12,0,0
BRDA:222,12,1,0
BRDA:227,13,0,0
BRDA:227,13,1,0
BRDA:227,14,0,0
BRDA:227,14,1,0
BRDA:240,15,0,0
BRDA:240,15,1,0
BRDA:240,15,2,0
BRDA:240,15,3,0
BRDA:261,16,0,0
BRDA:261,16,1,0
BRDA:266,17,0,0
BRDA:266,17,1,0
BRDA:266,18,0,0
BRDA:266,18,1,0
BRDA:272,19,0,0
BRDA:272,19,1,0
BRDA:290,20,0,0
BRDA:290,20,1,0
BRDA:313,21,0,0
BRDA:313,21,1,0
BRDA:331,22,0,0
BRDA:331,22,1,0
BRDA:341,23,0,0
BRDA:341,23,1,0
BRDA:391,24,0,0
BRDA:397,25,0,0
BRDA:402,26,0,0
BRDA:402,26,1,0
BRDA:418,27,0,0
BRDA:418,27,1,0
BRF:54
BRH:0
end_of_record
TN:
SF:src\api\gemini.ts
FN:6,fetchGeminiSummary
FN:18,(anonymous_1)
FN:82,determinePhoneCategory
FN:155,(anonymous_3)
FN:156,(anonymous_4)
FN:266,getCompetitorContext
FN:314,getPhotoUsageContext
FN:349,getGamingUsageContext
FN:376,getMultitaskingContext
FN:393,getMediaConsumptionContext
FN:414,generateIntelligentFallback
FN:606,fetchGeminiProsCons
FN:724,(anonymous_12)
FN:727,(anonymous_13)
FN:728,(anonymous_14)
FN:750,(anonymous_15)
FN:751,(anonymous_16)
FN:756,(anonymous_17)
FN:757,(anonymous_18)
FN:773,(anonymous_19)
FN:774,(anonymous_20)
FN:778,(anonymous_21)
FN:779,(anonymous_22)
FNF:23
FNH:0
FNDA:0,fetchGeminiSummary
FNDA:0,(anonymous_1)
FNDA:0,determinePhoneCategory
FNDA:0,(anonymous_3)
FNDA:0,(anonymous_4)
FNDA:0,getCompetitorContext
FNDA:0,getPhotoUsageContext
FNDA:0,getGamingUsageContext
FNDA:0,getMultitaskingContext
FNDA:0,getMediaConsumptionContext
FNDA:0,generateIntelligentFallback
FNDA:0,fetchGeminiProsCons
FNDA:0,(anonymous_12)
FNDA:0,(anonymous_13)
FNDA:0,(anonymous_14)
FNDA:0,(anonymous_15)
FNDA:0,(anonymous_16)
FNDA:0,(anonymous_17)
FNDA:0,(anonymous_18)
FNDA:0,(anonymous_19)
FNDA:0,(anonymous_20)
FNDA:0,(anonymous_21)
FNDA:0,(anonymous_22)
DA:4,0
DA:7,0
DA:8,0
DA:11,0
DA:12,0
DA:15,0
DA:17,0
DA:18,0
DA:20,0
DA:27,0
DA:29,0
DA:30,0
DA:31,0
DA:32,0
DA:33,0
DA:38,0
DA:39,0
DA:40,0
DA:41,0
DA:42,0
DA:43,0
DA:44,0
DA:45,0
DA:47,0
DA:51,0
DA:52,0
DA:54,0
DA:55,0
DA:58,0
DA:61,0
DA:62,0
DA:65,0
DA:66,0
DA:70,0
DA:71,0
DA:74,0
DA:83,0
DA:84,0
DA:85,0
DA:86,0
DA:102,0
DA:103,0
DA:104,0
DA:105,0
DA:106,0
DA:107,0
DA:111,0
DA:121,0
DA:133,0
DA:143,0
DA:155,0
DA:156,0
DA:158,0
DA:162,0
DA:166,0
DA:168,0
DA:169,0
DA:170,0
DA:171,0
DA:174,0
DA:175,0
DA:177,0
DA:181,0
DA:185,0
DA:190,0
DA:194,0
DA:198,0
DA:202,0
DA:207,0
DA:212,0
DA:215,0
DA:216,0
DA:217,0
DA:218,0
DA:221,0
DA:222,0
DA:223,0
DA:226,0
DA:227,0
DA:228,0
DA:229,0
DA:231,0
DA:232,0
DA:233,0
DA:235,0
DA:236,0
DA:237,0
DA:239,0
DA:240,0
DA:243,0
DA:244,0
DA:245,0
DA:246,0
DA:249,0
DA:250,0
DA:251,0
DA:254,0
DA:255,0
DA:256,0
DA:257,0
DA:259,0
DA:267,0
DA:270,0
DA:273,0
DA:274,0
DA:278,0
DA:280,0
DA:281,0
DA:283,0
DA:284,0
DA:286,0
DA:287,0
DA:289,0
DA:290,0
DA:292,0
DA:293,0
DA:297,0
DA:298,0
DA:299,0
DA:300,0
DA:301,0
DA:302,0
DA:303,0
DA:304,0
DA:305,0
DA:308,0
DA:315,0
DA:316,0
DA:317,0
DA:318,0
DA:321,0
DA:324,0
DA:327,0
DA:328,0
DA:329,0
DA:330,0
DA:331,0
DA:333,0
DA:335,0
DA:336,0
DA:337,0
DA:339,0
DA:342,0
DA:350,0
DA:351,0
DA:352,0
DA:354,0
DA:355,0
DA:356,0
DA:357,0
DA:358,0
DA:360,0
DA:362,0
DA:363,0
DA:364,0
DA:366,0
DA:369,0
DA:377,0
DA:379,0
DA:380,0
DA:381,0
DA:382,0
DA:383,0
DA:384,0
DA:386,0
DA:394,0
DA:395,0
DA:396,0
DA:397,0
DA:399,0
DA:400,0
DA:401,0
DA:402,0
DA:403,0
DA:404,0
DA:406,0
DA:415,0
DA:416,0
DA:419,0
DA:420,0
DA:421,0
DA:423,0
DA:424,0
DA:425,0
DA:426,0
DA:427,0
DA:428,0
DA:429,0
DA:430,0
DA:433,0
DA:434,0
DA:438,0
DA:439,0
DA:440,0
DA:441,0
DA:442,0
DA:443,0
DA:447,0
DA:448,0
DA:449,0
DA:450,0
DA:453,0
DA:454,0
DA:455,0
DA:456,0
DA:460,0
DA:461,0
DA:462,0
DA:463,0
DA:464,0
DA:465,0
DA:468,0
DA:469,0
DA:473,0
DA:474,0
DA:475,0
DA:476,0
DA:479,0
DA:480,0
DA:481,0
DA:482,0
DA:483,0
DA:484,0
DA:488,0
DA:489,0
DA:490,0
DA:491,0
DA:494,0
DA:495,0
DA:499,0
DA:500,0
DA:503,0
DA:504,0
DA:508,0
DA:509,0
DA:510,0
DA:512,0
DA:514,0
DA:515,0
DA:521,0
DA:522,0
DA:523,0
DA:524,0
DA:528,0
DA:529,0
DA:532,0
DA:533,0
DA:537,0
DA:538,0
DA:541,0
DA:542,0
DA:543,0
DA:544,0
DA:548,0
DA:549,0
DA:552,0
DA:553,0
DA:556,0
DA:557,0
DA:561,0
DA:562,0
DA:563,0
DA:564,0
DA:565,0
DA:570,0
DA:572,0
DA:576,0
DA:577,0
DA:581,0
DA:582,0
DA:583,0
DA:584,0
DA:588,0
DA:589,0
DA:590,0
DA:592,0
DA:596,0
DA:608,0
DA:611,0
DA:614,0
DA:679,0
DA:680,0
DA:683,0
DA:686,0
DA:687,0
DA:692,0
DA:693,0
DA:694,0
DA:699,0
DA:705,0
DA:706,0
DA:707,0
DA:708,0
DA:709,0
DA:716,0
DA:717,0
DA:719,0
DA:720,0
DA:722,0
DA:724,0
DA:725,0
DA:727,0
DA:728,0
DA:731,0
DA:732,0
DA:734,0
DA:735,0
DA:743,0
DA:744,0
DA:745,0
DA:746,0
DA:748,0
DA:750,0
DA:751,0
DA:754,0
DA:756,0
DA:757,0
DA:760,0
DA:761,0
DA:768,0
DA:772,0
DA:773,0
DA:774,0
DA:777,0
DA:778,0
DA:779,0
DA:782,0
DA:783,0
DA:788,0
DA:792,0
DA:795,0
DA:808,0
DA:809,0
DA:812,0
DA:813,0
DA:814,0
DA:818,0
DA:829,0
DA:833,0
LF:339
LH:0
BRDA:7,0,0,0
BRDA:7,0,1,0
BRDA:11,1,0,0
BRDA:11,1,1,0
BRDA:11,2,0,0
BRDA:11,2,1,0
BRDA:29,3,0,0
BRDA:29,3,1,0
BRDA:33,4,0,0
BRDA:33,4,1,0
BRDA:38,5,0,0
BRDA:38,5,1,0
BRDA:40,6,0,0
BRDA:40,6,1,0
BRDA:40,7,0,0
BRDA:40,7,1,0
BRDA:42,8,0,0
BRDA:42,8,1,0
BRDA:44,9,0,0
BRDA:44,9,1,0
BRDA:52,10,0,0
BRDA:52,10,1,0
BRDA:52,10,2,0
BRDA:54,11,0,0
BRDA:54,11,1,0
BRDA:61,12,0,0
BRDA:61,12,1,0
BRDA:65,13,0,0
BRDA:65,13,1,0
BRDA:65,14,0,0
BRDA:65,14,1,0
BRDA:70,15,0,0
BRDA:70,15,1,0
BRDA:70,16,0,0
BRDA:70,16,1,0
BRDA:70,16,2,0
BRDA:84,17,0,0
BRDA:84,17,1,0
BRDA:85,18,0,0
BRDA:85,18,1,0
BRDA:87,19,0,0
BRDA:87,19,1,0
BRDA:88,20,0,0
BRDA:88,20,1,0
BRDA:89,21,0,0
BRDA:89,21,1,0
BRDA:90,22,0,0
BRDA:90,22,1,0
BRDA:91,23,0,0
BRDA:91,23,1,0
BRDA:96,24,0,0
BRDA:96,24,1,0
BRDA:97,25,0,0
BRDA:97,25,1,0
BRDA:98,26,0,0
BRDA:98,26,1,0
BRDA:102,27,0,0
BRDA:102,27,1,0
BRDA:103,28,0,0
BRDA:103,28,1,0
BRDA:104,29,0,0
BRDA:104,29,1,0
BRDA:105,30,0,0
BRDA:105,30,1,0
BRDA:106,31,0,0
BRDA:106,31,1,0
BRDA:168,32,0,0
BRDA:168,32,1,0
BRDA:169,33,0,0
BRDA:169,33,1,0
BRDA:170,34,0,0
BRDA:170,34,1,0
BRDA:171,35,0,0
BRDA:171,35,1,0
BRDA:175,36,0,0
BRDA:175,36,1,0
BRDA:177,37,0,0
BRDA:177,37,1,0
BRDA:177,38,0,0
BRDA:177,38,1,0
BRDA:177,38,2,0
BRDA:177,38,3,0
BRDA:177,38,4,0
BRDA:179,39,0,0
BRDA:179,39,1,0
BRDA:185,40,0,0
BRDA:185,40,1,0
BRDA:185,41,0,0
BRDA:185,41,1,0
BRDA:185,41,2,0
BRDA:185,41,3,0
BRDA:185,41,4,0
BRDA:194,42,0,0
BRDA:194,42,1,0
BRDA:194,43,0,0
BRDA:194,43,1,0
BRDA:194,43,2,0
BRDA:194,43,3,0
BRDA:202,44,0,0
BRDA:202,44,1,0
BRDA:202,45,0,0
BRDA:202,45,1,0
BRDA:202,45,2,0
BRDA:202,45,3,0
BRDA:202,45,4,0
BRDA:215,46,0,0
BRDA:215,46,1,0
BRDA:216,47,0,0
BRDA:216,47,1,0
BRDA:217,48,0,0
BRDA:217,48,1,0
BRDA:217,49,0,0
BRDA:217,49,1,0
BRDA:217,50,0,0
BRDA:217,50,1,0
BRDA:218,51,0,0
BRDA:218,51,1,0
BRDA:221,52,0,0
BRDA:221,52,1,0
BRDA:222,53,0,0
BRDA:222,53,1,0
BRDA:223,54,0,0
BRDA:223,54,1,0
BRDA:226,55,0,0
BRDA:226,55,1,0
BRDA:227,56,0,0
BRDA:227,56,1,0
BRDA:228,57,0,0
BRDA:228,57,1,0
BRDA:229,58,0,0
BRDA:229,58,1,0
BRDA:231,59,0,0
BRDA:231,59,1,0
BRDA:232,60,0,0
BRDA:232,60,1,0
BRDA:233,61,0,0
BRDA:233,61,1,0
BRDA:235,62,0,0
BRDA:235,62,1,0
BRDA:236,63,0,0
BRDA:236,63,1,0
BRDA:237,64,0,0
BRDA:237,64,1,0
BRDA:239,65,0,0
BRDA:239,65,1,0
BRDA:240,66,0,0
BRDA:240,66,1,0
BRDA:243,67,0,0
BRDA:243,67,1,0
BRDA:244,68,0,0
BRDA:244,68,1,0
BRDA:245,69,0,0
BRDA:245,69,1,0
BRDA:246,70,0,0
BRDA:246,70,1,0
BRDA:250,71,0,0
BRDA:250,71,1,0
BRDA:251,72,0,0
BRDA:251,72,1,0
BRDA:254,73,0,0
BRDA:254,73,1,0
BRDA:255,74,0,0
BRDA:255,74,1,0
BRDA:256,75,0,0
BRDA:256,75,1,0
BRDA:257,76,0,0
BRDA:257,76,1,0
BRDA:273,77,0,0
BRDA:273,77,1,0
BRDA:278,78,0,0
BRDA:278,78,1,0
BRDA:278,78,2,0
BRDA:278,78,3,0
BRDA:278,78,4,0
BRDA:297,79,0,0
BRDA:297,79,1,0
BRDA:298,80,0,0
BRDA:298,80,1,0
BRDA:300,81,0,0
BRDA:300,81,1,0
BRDA:300,82,0,0
BRDA:300,82,1,0
BRDA:300,82,2,0
BRDA:302,83,0,0
BRDA:302,83,1,0
BRDA:302,84,0,0
BRDA:302,84,1,0
BRDA:304,85,0,0
BRDA:304,85,1,0
BRDA:304,86,0,0
BRDA:304,86,1,0
BRDA:304,86,2,0
BRDA:315,87,0,0
BRDA:315,87,1,0
BRDA:316,88,0,0
BRDA:316,88,1,0
BRDA:318,89,0,0
BRDA:318,89,1,0
BRDA:321,90,0,0
BRDA:321,90,1,0
BRDA:321,90,2,0
BRDA:324,91,0,0
BRDA:324,91,1,0
BRDA:324,91,2,0
BRDA:324,91,3,0
BRDA:324,91,4,0
BRDA:327,92,0,0
BRDA:327,92,1,0
BRDA:327,93,0,0
BRDA:327,93,1,0
BRDA:328,94,0,0
BRDA:328,94,1,0
BRDA:328,95,0,0
BRDA:328,95,1,0
BRDA:328,95,2,0
BRDA:330,96,0,0
BRDA:330,96,1,0
BRDA:335,97,0,0
BRDA:335,97,1,0
BRDA:336,98,0,0
BRDA:336,98,1,0
BRDA:336,99,0,0
BRDA:336,99,1,0
BRDA:336,99,2,0
BRDA:350,100,0,0
BRDA:350,100,1,0
BRDA:351,101,0,0
BRDA:351,101,1,0
BRDA:352,102,0,0
BRDA:352,102,1,0
BRDA:354,103,0,0
BRDA:354,103,1,0
BRDA:356,104,0,0
BRDA:356,104,1,0
BRDA:357,105,0,0
BRDA:357,105,1,0
BRDA:357,106,0,0
BRDA:357,106,1,0
BRDA:357,106,2,0
BRDA:362,107,0,0
BRDA:362,107,1,0
BRDA:363,108,0,0
BRDA:363,108,1,0
BRDA:363,109,0,0
BRDA:363,109,1,0
BRDA:377,110,0,0
BRDA:377,110,1,0
BRDA:379,111,0,0
BRDA:379,111,1,0
BRDA:381,112,0,0
BRDA:381,112,1,0
BRDA:383,113,0,0
BRDA:383,113,1,0
BRDA:394,114,0,0
BRDA:394,114,1,0
BRDA:395,115,0,0
BRDA:395,115,1,0
BRDA:396,116,0,0
BRDA:396,116,1,0
BRDA:397,117,0,0
BRDA:397,117,1,0
BRDA:399,118,0,0
BRDA:399,118,1,0
BRDA:399,119,0,0
BRDA:399,119,1,0
BRDA:399,119,2,0
BRDA:399,119,3,0
BRDA:401,120,0,0
BRDA:401,120,1,0
BRDA:401,121,0,0
BRDA:401,121,1,0
BRDA:401,121,2,0
BRDA:401,121,3,0
BRDA:403,122,0,0
BRDA:403,122,1,0
BRDA:419,123,0,0
BRDA:419,123,1,0
BRDA:420,124,0,0
BRDA:420,124,1,0
BRDA:420,124,2,0
BRDA:421,125,0,0
BRDA:421,125,1,0
BRDA:421,125,2,0
BRDA:421,125,3,0
BRDA:423,126,0,0
BRDA:423,126,1,0
BRDA:423,127,0,0
BRDA:423,127,1,0
BRDA:424,128,0,0
BRDA:424,128,1,0
BRDA:424,129,0,0
BRDA:424,129,1,0
BRDA:425,130,0,0
BRDA:425,130,1,0
BRDA:425,131,0,0
BRDA:425,131,1,0
BRDA:426,132,0,0
BRDA:426,132,1,0
BRDA:426,133,0,0
BRDA:426,133,1,0
BRDA:427,134,0,0
BRDA:427,134,1,0
BRDA:427,135,0,0
BRDA:427,135,1,0
BRDA:427,135,2,0
BRDA:428,136,0,0
BRDA:428,136,1,0
BRDA:429,137,0,0
BRDA:429,137,1,0
BRDA:429,138,0,0
BRDA:429,138,1,0
BRDA:429,138,2,0
BRDA:430,139,0,0
BRDA:430,139,1,0
BRDA:433,140,0,0
BRDA:433,140,1,0
BRDA:438,141,0,0
BRDA:438,141,1,0
BRDA:438,142,0,0
BRDA:438,142,1,0
BRDA:440,143,0,0
BRDA:440,143,1,0
BRDA:440,144,0,0
BRDA:440,144,1,0
BRDA:442,145,0,0
BRDA:442,145,1,0
BRDA:442,146,0,0
BRDA:442,146,1,0
BRDA:447,147,0,0
BRDA:447,147,1,0
BRDA:447,148,0,0
BRDA:447,148,1,0
BRDA:449,149,0,0
BRDA:449,149,1,0
BRDA:449,150,0,0
BRDA:449,150,1,0
BRDA:450,151,0,0
BRDA:450,151,1,0
BRDA:453,152,0,0
BRDA:453,152,1,0
BRDA:453,153,0,0
BRDA:453,153,1,0
BRDA:455,154,0,0
BRDA:455,154,1,0
BRDA:455,155,0,0
BRDA:455,155,1,0
BRDA:460,156,0,0
BRDA:460,156,1,0
BRDA:460,157,0,0
BRDA:460,157,1,0
BRDA:460,157,2,0
BRDA:462,158,0,0
BRDA:462,158,1,0
BRDA:462,159,0,0
BRDA:462,159,1,0
BRDA:462,159,2,0
BRDA:464,160,0,0
BRDA:464,160,1,0
BRDA:468,161,0,0
BRDA:468,161,1,0
BRDA:473,162,0,0
BRDA:473,162,1,0
BRDA:473,163,0,0
BRDA:473,163,1,0
BRDA:475,164,0,0
BRDA:475,164,1,0
BRDA:475,165,0,0
BRDA:475,165,1,0
BRDA:479,166,0,0
BRDA:479,166,1,0
BRDA:479,167,0,0
BRDA:479,167,1,0
BRDA:481,168,0,0
BRDA:481,168,1,0
BRDA:481,169,0,0
BRDA:481,169,1,0
BRDA:483,170,0,0
BRDA:483,170,1,0
BRDA:483,171,0,0
BRDA:483,171,1,0
BRDA:483,171,2,0
BRDA:483,171,3,0
BRDA:488,172,0,0
BRDA:488,172,1,0
BRDA:488,173,0,0
BRDA:488,173,1,0
BRDA:490,174,0,0
BRDA:490,174,1,0
BRDA:490,175,0,0
BRDA:490,175,1,0
BRDA:494,176,0,0
BRDA:494,176,1,0
BRDA:499,177,0,0
BRDA:499,177,1,0
BRDA:499,178,0,0
BRDA:499,178,1,0
BRDA:499,178,2,0
BRDA:503,179,0,0
BRDA:503,179,1,0
BRDA:503,180,0,0
BRDA:503,180,1,0
BRDA:503,180,2,0
BRDA:503,180,3,0
BRDA:508,181,0,0
BRDA:508,181,1,0
BRDA:508,182,0,0
BRDA:508,182,1,0
BRDA:509,183,0,0
BRDA:509,183,1,0
BRDA:514,184,0,0
BRDA:514,184,1,0
BRDA:514,185,0,0
BRDA:514,185,1,0
BRDA:514,185,2,0
BRDA:521,186,0,0
BRDA:521,186,1,0
BRDA:521,187,0,0
BRDA:521,187,1,0
BRDA:521,187,2,0
BRDA:521,187,3,0
BRDA:523,188,0,0
BRDA:523,188,1,0
BRDA:523,189,0,0
BRDA:523,189,1,0
BRDA:523,189,2,0
BRDA:528,190,0,0
BRDA:528,190,1,0
BRDA:528,191,0,0
BRDA:528,191,1,0
BRDA:532,192,0,0
BRDA:532,192,1,0
BRDA:532,193,0,0
BRDA:532,193,1,0
BRDA:537,194,0,0
BRDA:537,194,1,0
BRDA:537,195,0,0
BRDA:537,195,1,0
BRDA:537,195,2,0
BRDA:541,196,0,0
BRDA:541,196,1,0
BRDA:541,197,0,0
BRDA:541,197,1,0
BRDA:541,197,2,0
BRDA:543,198,0,0
BRDA:543,198,1,0
BRDA:543,199,0,0
BRDA:543,199,1,0
BRDA:543,199,2,0
BRDA:543,199,3,0
BRDA:548,200,0,0
BRDA:548,200,1,0
BRDA:548,201,0,0
BRDA:548,201,1,0
BRDA:548,201,2,0
BRDA:552,202,0,0
BRDA:552,202,1,0
BRDA:552,203,0,0
BRDA:552,203,1,0
BRDA:552,203,2,0
BRDA:552,203,3,0
BRDA:556,204,0,0
BRDA:556,204,1,0
BRDA:556,205,0,0
BRDA:556,205,1,0
BRDA:556,205,2,0
BRDA:561,206,0,0
BRDA:561,206,1,0
BRDA:561,207,0,0
BRDA:561,207,1,0
BRDA:562,208,0,0
BRDA:562,208,1,0
BRDA:562,209,0,0
BRDA:562,209,1,0
BRDA:564,210,0,0
BRDA:564,210,1,0
BRDA:564,211,0,0
BRDA:564,211,1,0
BRDA:564,211,2,0
BRDA:570,212,0,0
BRDA:570,212,1,0
BRDA:570,213,0,0
BRDA:570,213,1,0
BRDA:570,213,2,0
BRDA:570,213,3,0
BRDA:576,214,0,0
BRDA:576,214,1,0
BRDA:576,215,0,0
BRDA:576,215,1,0
BRDA:581,216,0,0
BRDA:581,216,1,0
BRDA:583,217,0,0
BRDA:583,217,1,0
BRDA:588,218,0,0
BRDA:588,218,1,0
BRDA:589,219,0,0
BRDA:589,219,1,0
BRDA:589,220,0,0
BRDA:589,220,1,0
BRDA:617,221,0,0
BRDA:617,221,1,0
BRDA:618,222,0,0
BRDA:618,222,1,0
BRDA:619,223,0,0
BRDA:619,223,1,0
BRDA:619,224,0,0
BRDA:619,224,1,0
BRDA:624,225,0,0
BRDA:624,225,1,0
BRDA:624,226,0,0
BRDA:624,226,1,0
BRDA:624,227,0,0
BRDA:624,227,1,0
BRDA:624,228,0,0
BRDA:624,228,1,0
BRDA:624,229,0,0
BRDA:624,229,1,0
BRDA:624,230,0,0
BRDA:624,230,1,0
BRDA:625,231,0,0
BRDA:625,231,1,0
BRDA:625,232,0,0
BRDA:625,232,1,0
BRDA:625,233,0,0
BRDA:625,233,1,0
BRDA:625,234,0,0
BRDA:625,234,1,0
BRDA:625,235,0,0
BRDA:625,235,1,0
BRDA:625,236,0,0
BRDA:625,236,1,0
BRDA:626,237,0,0
BRDA:626,237,1,0
BRDA:626,238,0,0
BRDA:626,238,1,0
BRDA:626,239,0,0
BRDA:626,239,1,0
BRDA:627,240,0,0
BRDA:627,240,1,0
BRDA:627,241,0,0
BRDA:627,241,1,0
BRDA:627,242,0,0
BRDA:627,242,1,0
BRDA:627,243,0,0
BRDA:627,243,1,0
BRDA:627,244,0,0
BRDA:627,244,1,0
BRDA:628,245,0,0
BRDA:628,245,1,0
BRDA:628,246,0,0
BRDA:628,246,1,0
BRDA:628,247,0,0
BRDA:628,247,1,0
BRDA:628,248,0,0
BRDA:628,248,1,0
BRDA:628,249,0,0
BRDA:628,249,1,0
BRDA:629,250,0,0
BRDA:629,250,1,0
BRDA:629,251,0,0
BRDA:629,251,1,0
BRDA:629,252,0,0
BRDA:629,252,1,0
BRDA:630,253,0,0
BRDA:630,253,1,0
BRDA:630,254,0,0
BRDA:630,254,1,0
BRDA:631,255,0,0
BRDA:631,255,1,0
BRDA:631,256,0,0
BRDA:631,256,1,0
BRDA:631,257,0,0
BRDA:631,257,1,0
BRDA:631,258,0,0
BRDA:631,258,1,0
BRDA:634,259,0,0
BRDA:634,259,1,0
BRDA:635,260,0,0
BRDA:635,260,1,0
BRDA:636,261,0,0
BRDA:636,261,1,0
BRDA:637,262,0,0
BRDA:637,262,1,0
BRDA:638,263,0,0
BRDA:638,263,1,0
BRDA:692,264,0,0
BRDA:692,264,1,0
BRDA:705,265,0,0
BRDA:705,265,1,0
BRDA:708,266,0,0
BRDA:708,266,1,0
BRDA:716,267,0,0
BRDA:716,267,1,0
BRDA:722,268,0,0
BRDA:722,268,1,0
BRDA:722,269,0,0
BRDA:722,269,1,0
BRDA:734,270,0,0
BRDA:734,270,1,0
BRDA:734,271,0,0
BRDA:734,271,1,0
BRDA:743,272,0,0
BRDA:743,272,1,0
BRDA:748,273,0,0
BRDA:748,273,1,0
BRDA:751,274,0,0
BRDA:751,274,1,0
BRDA:754,275,0,0
BRDA:754,275,1,0
BRDA:757,276,0,0
BRDA:757,276,1,0
BRDA:760,277,0,0
BRDA:760,277,1,0
BRDA:760,278,0,0
BRDA:760,278,1,0
BRDA:768,279,0,0
BRDA:768,279,1,0
BRDA:768,280,0,0
BRDA:768,280,1,0
BRDA:768,280,2,0
BRDA:768,280,3,0
BRDA:768,280,4,0
BRDA:773,281,0,0
BRDA:773,281,1,0
BRDA:778,282,0,0
BRDA:778,282,1,0
BRDA:782,283,0,0
BRDA:782,283,1,0
BRDA:782,284,0,0
BRDA:782,284,1,0
BRDA:797,285,0,0
BRDA:797,285,1,0
BRDA:798,286,0,0
BRDA:798,286,1,0
BRDA:799,287,0,0
BRDA:799,287,1,0
BRDA:800,288,0,0
BRDA:800,288,1,0
BRDA:800,289,0,0
BRDA:800,289,1,0
BRDA:800,290,0,0
BRDA:800,290,1,0
BRDA:800,291,0,0
BRDA:800,291,1,0
BRDA:800,292,0,0
BRDA:800,292,1,0
BRDA:801,293,0,0
BRDA:801,293,1,0
BRDA:801,294,0,0
BRDA:801,294,1,0
BRDA:801,295,0,0
BRDA:801,295,1,0
BRDA:801,296,0,0
BRDA:801,296,1,0
BRDA:802,297,0,0
BRDA:802,297,1,0
BRDA:803,298,0,0
BRDA:803,298,1,0
BRDA:803,299,0,0
BRDA:803,299,1,0
BRDA:803,300,0,0
BRDA:803,300,1,0
BRDA:803,301,0,0
BRDA:803,301,1,0
BRDA:804,302,0,0
BRDA:804,302,1,0
BRDA:804,303,0,0
BRDA:804,303,1,0
BRDA:814,304,0,0
BRDA:814,304,1,0
BRDA:814,305,0,0
BRDA:814,305,1,0
BRDA:814,305,2,0
BRDA:814,305,3,0
BRDA:814,305,4,0
BRDA:814,305,5,0
BRDA:814,305,6,0
BRDA:835,306,0,0
BRDA:835,306,1,0
BRDA:836,307,0,0
BRDA:836,307,1,0
BRDA:837,308,0,0
BRDA:837,308,1,0
BRF:682
BRH:0
end_of_record
TN:
SF:src\api\phones.ts
FN:145,fetchPhones
FN:228,(anonymous_1)
FN:232,(anonymous_2)
FN:249,fetchPhoneBySlug
FN:326,fetchBrands
FN:353,fetchCameraSetups
FN:376,(anonymous_6)
FN:404,fetchPhonesBySlugs
FN:415,(anonymous_8)
FN:500,fetchIndividualPhonesBySlugs
FN:501,(anonymous_10)
FN:512,(anonymous_11)
FN:515,(anonymous_12)
FN:531,fetchFilterOptions
FN:535,(anonymous_14)
FN:541,(anonymous_15)
FNF:16
FNH:0
FNDA:0,fetchPhones
FNDA:0,(anonymous_1)
FNDA:0,(anonymous_2)
FNDA:0,fetchPhoneBySlug
FNDA:0,fetchBrands
FNDA:0,fetchCameraSetups
FNDA:0,(anonymous_6)
FNDA:0,fetchPhonesBySlugs
FNDA:0,(anonymous_8)
FNDA:0,fetchIndividualPhonesBySlugs
FNDA:0,(anonymous_10)
FNDA:0,(anonymous_11)
FNDA:0,(anonymous_12)
FNDA:0,fetchFilterOptions
FNDA:0,(anonymous_14)
FNDA:0,(anonymous_15)
DA:9,2
DA:159,0
DA:160,0
DA:166,0
DA:168,0
DA:169,0
DA:170,0
DA:171,0
DA:174,0
DA:177,0
DA:178,0
DA:179,0
DA:180,0
DA:181,0
DA:182,0
DA:185,0
DA:186,0
DA:187,0
DA:188,0
DA:191,0
DA:192,0
DA:193,0
DA:194,0
DA:197,0
DA:198,0
DA:199,0
DA:200,0
DA:201,0
DA:202,0
DA:203,0
DA:204,0
DA:207,0
DA:208,0
DA:212,0
DA:213,0
DA:219,0
DA:220,0
DA:221,0
DA:222,0
DA:223,0
DA:226,0
DA:227,0
DA:228,0
DA:230,0
DA:231,0
DA:232,0
DA:238,0
DA:251,0
DA:252,0
DA:257,0
DA:258,0
DA:260,0
DA:262,0
DA:263,0
DA:266,0
DA:267,0
DA:268,0
DA:269,0
DA:272,0
DA:273,0
DA:276,0
DA:277,0
DA:280,0
DA:281,0
DA:285,0
DA:291,0
DA:294,0
DA:295,0
DA:298,0
DA:301,0
DA:302,0
DA:310,0
DA:311,0
DA:313,0
DA:327,0
DA:328,0
DA:330,0
DA:331,0
DA:334,0
DA:337,0
DA:338,0
DA:339,0
DA:340,0
DA:342,0
DA:345,0
DA:354,0
DA:356,0
DA:361,0
DA:363,0
DA:364,0
DA:367,0
DA:369,0
DA:370,0
DA:374,0
DA:376,0
DA:377,0
DA:382,0
DA:387,0
DA:389,0
DA:394,0
DA:405,0
DA:408,0
DA:409,0
DA:413,0
DA:415,0
DA:417,0
DA:418,0
DA:421,0
DA:423,0
DA:424,0
DA:428,0
DA:430,0
DA:431,0
DA:434,0
DA:435,0
DA:436,0
DA:438,0
DA:439,0
DA:440,0
DA:444,0
DA:447,0
DA:450,0
DA:451,0
DA:455,0
DA:458,0
DA:459,0
DA:463,0
DA:464,0
DA:468,0
DA:469,0
DA:473,0
DA:474,0
DA:477,0
DA:481,0
DA:483,0
DA:486,0
DA:487,0
DA:489,0
DA:501,0
DA:502,0
DA:503,0
DA:505,0
DA:509,0
DA:511,0
DA:513,0
DA:515,0
DA:518,0
DA:519,0
DA:522,0
DA:532,0
DA:534,0
DA:536,0
DA:537,0
DA:539,0
DA:542,0
DA:546,0
DA:549,0
DA:552,0
DA:559,0
DA:569,0
LF:160
LH:1
BRDA:9,0,0,2
BRDA:9,0,1,0
BRDA:145,1,0,0
BRDA:146,2,0,0
BRDA:147,3,0,0
BRDA:148,4,0,0
BRDA:166,5,0,0
BRDA:166,5,1,0
BRDA:168,6,0,0
BRDA:168,6,1,0
BRDA:170,7,0,0
BRDA:170,7,1,0
BRDA:174,8,0,0
BRDA:174,8,1,0
BRDA:177,9,0,0
BRDA:177,9,1,0
BRDA:179,10,0,0
BRDA:179,10,1,0
BRDA:181,11,0,0
BRDA:181,11,1,0
BRDA:185,12,0,0
BRDA:185,12,1,0
BRDA:187,13,0,0
BRDA:187,13,1,0
BRDA:191,14,0,0
BRDA:191,14,1,0
BRDA:193,15,0,0
BRDA:193,15,1,0
BRDA:197,16,0,0
BRDA:197,16,1,0
BRDA:199,17,0,0
BRDA:199,17,1,0
BRDA:201,18,0,0
BRDA:201,18,1,0
BRDA:203,19,0,0
BRDA:203,19,1,0
BRDA:207,20,0,0
BRDA:207,20,1,0
BRDA:208,21,0,0
BRDA:208,21,1,0
BRDA:212,22,0,0
BRDA:212,22,1,0
BRDA:220,23,0,0
BRDA:220,23,1,0
BRDA:223,24,0,0
BRDA:223,24,1,0
BRDA:226,25,0,0
BRDA:226,25,1,0
BRDA:226,26,0,0
BRDA:226,26,1,0
BRDA:228,27,0,0
BRDA:228,27,1,0
BRDA:228,28,0,0
BRDA:228,28,1,0
BRDA:230,29,0,0
BRDA:230,29,1,0
BRDA:230,30,0,0
BRDA:230,30,1,0
BRDA:232,31,0,0
BRDA:232,31,1,0
BRDA:232,32,0,0
BRDA:232,32,1,0
BRDA:251,33,0,0
BRDA:251,33,1,0
BRDA:251,34,0,0
BRDA:251,34,1,0
BRDA:260,35,0,0
BRDA:260,35,1,0
BRDA:262,36,0,0
BRDA:262,36,1,0
BRDA:266,37,0,0
BRDA:266,37,1,0
BRDA:268,38,0,0
BRDA:268,38,1,0
BRDA:272,39,0,0
BRDA:272,39,1,0
BRDA:276,40,0,0
BRDA:276,40,1,0
BRDA:280,41,0,0
BRDA:280,41,1,0
BRDA:294,42,0,0
BRDA:294,42,1,0
BRDA:294,43,0,0
BRDA:294,43,1,0
BRDA:301,44,0,0
BRDA:301,44,1,0
BRDA:301,45,0,0
BRDA:301,45,1,0
BRDA:310,46,0,0
BRDA:310,46,1,0
BRDA:330,47,0,0
BRDA:330,47,1,0
BRDA:337,48,0,0
BRDA:337,48,1,0
BRDA:339,49,0,0
BRDA:339,49,1,0
BRDA:339,50,0,0
BRDA:339,50,1,0
BRDA:363,51,0,0
BRDA:363,51,1,0
BRDA:369,52,0,0
BRDA:369,52,1,0
BRDA:369,53,0,0
BRDA:369,53,1,0
BRDA:377,54,0,0
BRDA:377,54,1,0
BRDA:378,55,0,0
BRDA:378,55,1,0
BRDA:378,55,2,0
BRDA:389,56,0,0
BRDA:389,56,1,0
BRDA:405,57,0,0
BRDA:405,57,1,0
BRDA:408,58,0,0
BRDA:408,58,1,0
BRDA:417,59,0,0
BRDA:417,59,1,0
BRDA:428,60,0,0
BRDA:428,60,1,0
BRDA:434,61,0,0
BRDA:434,61,1,0
BRDA:436,62,0,0
BRDA:436,62,1,0
BRDA:439,63,0,0
BRDA:439,63,1,0
BRDA:450,64,0,0
BRDA:450,64,1,0
BRDA:450,65,0,0
BRDA:450,65,1,0
BRDA:450,65,2,0
BRDA:458,66,0,0
BRDA:458,66,1,0
BRDA:458,67,0,0
BRDA:458,67,1,0
BRDA:463,68,0,0
BRDA:463,68,1,0
BRDA:468,69,0,0
BRDA:468,69,1,0
BRDA:468,70,0,0
BRDA:468,70,1,0
BRDA:473,71,0,0
BRDA:473,71,1,0
BRDA:513,72,0,0
BRDA:513,72,1,0
BRDA:518,73,0,0
BRDA:518,73,1,0
BRDA:536,74,0,0
BRDA:536,74,1,0
BRDA:562,75,0,0
BRDA:562,75,1,0
BRDA:564,76,0,0
BRDA:564,76,1,0
BRF:152
BRH:1
end_of_record
TN:
SF:src\api\recommendations.ts
FN:21,(anonymous_0)
FN:35,fetchRecommendations
FN:78,(anonymous_2)
FN:84,(anonymous_3)
FN:112,prefetchPhoneDetails
FN:133,(anonymous_5)
FNF:6
FNH:0
FNDA:0,(anonymous_0)
FNDA:0,fetchRecommendations
FNDA:0,(anonymous_2)
FNDA:0,(anonymous_3)
FNDA:0,prefetchPhoneDetails
FNDA:0,(anonymous_5)
DA:5,2
DA:21,2
DA:22,0
DA:25,0
DA:41,0
DA:42,0
DA:45,0
DA:46,0
DA:51,0
DA:53,0
DA:54,0
DA:55,0
DA:56,0
DA:57,0
DA:58,0
DA:59,0
DA:60,0
DA:61,0
DA:62,0
DA:63,0
DA:64,0
DA:66,0
DA:70,0
DA:73,0
DA:74,0
DA:78,0
DA:79,0
DA:80,0
DA:84,0
DA:86,0
DA:89,0
DA:90,0
DA:94,0
DA:95,0
DA:99,0
DA:100,0
DA:102,0
DA:114,0
DA:115,0
DA:119,0
DA:120,0
DA:122,0
DA:124,0
DA:127,0
DA:129,0
DA:130,0
DA:133,0
DA:135,0
DA:139,0
DA:141,0
DA:142,0
DA:145,0
LF:52
LH:2
BRDA:5,0,0,2
BRDA:5,0,1,0
BRDA:22,1,0,0
BRDA:22,1,1,0
BRDA:22,2,0,0
BRDA:22,2,1,0
BRDA:22,2,2,0
BRDA:37,3,0,0
BRDA:41,4,0,0
BRDA:41,4,1,0
BRDA:51,5,0,0
BRDA:51,5,1,0
BRDA:53,6,0,0
BRDA:53,6,1,0
BRDA:55,7,0,0
BRDA:55,7,1,0
BRDA:57,8,0,0
BRDA:57,8,1,0
BRDA:59,9,0,0
BRDA:59,9,1,0
BRDA:61,10,0,0
BRDA:61,10,1,0
BRDA:63,11,0,0
BRDA:63,11,1,0
BRDA:73,12,0,0
BRDA:73,12,1,0
BRDA:78,13,0,0
BRDA:78,13,1,0
BRDA:78,14,0,0
BRDA:78,14,1,0
BRDA:79,15,0,0
BRDA:79,15,1,0
BRDA:84,16,0,0
BRDA:84,16,1,0
BRDA:89,17,0,0
BRDA:89,17,1,0
BRDA:89,18,0,0
BRDA:89,18,1,0
BRDA:94,19,0,0
BRDA:94,19,1,0
BRDA:94,20,0,0
BRDA:94,20,1,0
BRDA:99,21,0,0
BRDA:99,21,1,0
BRDA:114,22,0,0
BRDA:114,22,1,0
BRDA:122,23,0,0
BRDA:122,23,1,0
BRDA:141,24,0,0
BRDA:141,24,1,0
BRF:50
BRH:1
end_of_record
TN:
SF:src\api\search.ts
FN:14,(anonymous_0)
FN:29,(anonymous_1)
FN:45,(anonymous_2)
FN:49,(anonymous_3)
FN:64,(anonymous_4)
FN:74,calculateMatchScore
FN:97,levenshteinDistance
FNF:7
FNH:0
FNDA:0,(anonymous_0)
FNDA:0,(anonymous_1)
FNDA:0,(anonymous_2)
FNDA:0,(anonymous_3)
FNDA:0,(anonymous_4)
FNDA:0,calculateMatchScore
FNDA:0,levenshteinDistance
DA:14,0
DA:15,0
DA:17,0
DA:18,0
DA:21,0
DA:23,0
DA:24,0
DA:29,0
DA:32,0
DA:34,0
DA:36,0
DA:39,0
DA:42,0
DA:44,0
DA:46,0
DA:47,0
DA:49,0
DA:64,0
DA:68,0
DA:69,0
DA:76,0
DA:79,0
DA:82,0
DA:85,0
DA:88,0
DA:89,0
DA:90,0
DA:93,0
DA:98,0
DA:101,0
DA:102,0
DA:104,0
DA:105,0
DA:109,0
DA:110,0
DA:111,0
DA:112,0
DA:114,0
DA:123,0
LF:39
LH:0
BRDA:15,0,0,0
BRDA:15,0,1,0
BRDA:15,1,0,0
BRDA:15,1,1,0
BRDA:21,2,0,0
BRDA:21,2,1,0
BRDA:32,3,0,0
BRDA:32,3,1,0
BRDA:32,4,0,0
BRDA:32,4,1,0
BRDA:39,5,0,0
BRDA:39,5,1,0
BRDA:64,6,0,0
BRDA:64,6,1,0
BRDA:64,7,0,0
BRDA:64,7,1,0
BRDA:76,8,0,0
BRDA:76,8,1,0
BRDA:79,9,0,0
BRDA:79,9,1,0
BRDA:82,10,0,0
BRDA:82,10,1,0
BRDA:85,11,0,0
BRDA:85,11,1,0
BRDA:111,12,0,0
BRDA:111,12,1,0
BRF:26
BRH:0
end_of_record
TN:
SF:src\components\AccessibilityHelper.tsx
FN:10,(anonymous_0)
FN:14,(anonymous_1)
FN:18,(anonymous_2)
FN:44,(anonymous_3)
FNF:4
FNH:4
FNDA:7,(anonymous_0)
FNDA:8,(anonymous_1)
FNDA:8,(anonymous_2)
FNDA:8,(anonymous_3)
DA:10,2
DA:14,7
DA:15,8
DA:18,7
DA:19,8
DA:22,7
DA:45,8
DA:46,8
DA:48,8
LF:9
LH:9
BRDA:15,0,0,8
BRDA:15,0,1,6
BRDA:19,1,0,8
BRDA:19,1,1,6
BRDA:25,2,0,7
BRDA:25,2,1,1
BRDA:25,2,2,1
BRDA:27,3,0,0
BRDA:27,3,1,1
BRDA:34,4,0,1
BRDA:34,4,1,6
BRDA:35,5,0,7
BRDA:35,5,1,5
BRDA:36,6,0,1
BRDA:36,6,1,4
BRDA:38,7,0,7
BRDA:38,7,1,2
BRDA:39,8,0,0
BRDA:39,8,1,2
BRDA:45,9,0,8
BRDA:45,9,1,6
BRDA:46,10,0,6
BRDA:46,10,1,2
BRDA:52,11,0,6
BRDA:52,11,1,2
BRDA:52,12,0,8
BRDA:52,12,1,6
BRDA:55,13,0,2
BRDA:55,13,1,4
BRDA:67,14,0,7
BRDA:67,14,1,5
BRF:31
BRH:29
end_of_record
TN:
SF:src\components\AuthModal.tsx
FN:16,AuthModal
FN:29,(anonymous_1)
FN:30,(anonymous_2)
FN:35,(anonymous_3)
FN:47,(anonymous_4)
FN:59,(anonymous_5)
FN:66,(anonymous_6)
FN:70,(anonymous_7)
FN:107,(anonymous_8)
FN:109,(anonymous_9)
FNF:10
FNH:0
FNDA:0,AuthModal
FNDA:0,(anonymous_1)
FNDA:0,(anonymous_2)
FNDA:0,(anonymous_3)
FNDA:0,(anonymous_4)
FNDA:0,(anonymous_5)
FNDA:0,(anonymous_6)
FNDA:0,(anonymous_7)
FNDA:0,(anonymous_8)
FNDA:0,(anonymous_9)
DA:11,0
DA:13,0
DA:14,0
DA:17,0
DA:24,0
DA:25,0
DA:26,0
DA:27,0
DA:29,0
DA:30,0
DA:31,0
DA:35,0
DA:36,0
DA:37,0
DA:38,0
DA:39,0
DA:40,0
DA:41,0
DA:43,0
DA:44,0
DA:47,0
DA:48,0
DA:49,0
DA:50,0
DA:54,0
DA:55,0
DA:56,0
DA:57,0
DA:59,0
DA:60,0
DA:61,0
DA:66,0
DA:67,0
DA:68,0
DA:70,0
DA:71,0
DA:72,0
DA:73,0
DA:77,0
DA:107,0
DA:109,0
LF:41
LH:0
BRDA:39,0,0,0
BRDA:39,0,1,0
BRDA:40,1,0,0
BRDA:40,1,1,0
BRDA:43,2,0,0
BRDA:43,2,1,0
BRDA:54,3,0,0
BRDA:54,3,1,0
BRDA:55,4,0,0
BRDA:55,4,1,0
BRDA:56,5,0,0
BRDA:56,5,1,0
BRDA:57,6,0,0
BRDA:57,6,1,0
BRDA:81,7,0,0
BRDA:81,7,1,0
BRDA:83,8,0,0
BRDA:83,8,1,0
BRDA:84,9,0,0
BRDA:84,9,1,0
BRDA:89,10,0,0
BRDA:89,10,1,0
BRDA:92,11,0,0
BRDA:92,11,1,0
BRDA:97,12,0,0
BRDA:97,12,1,0
BRDA:99,13,0,0
BRDA:99,13,1,0
BRDA:99,14,0,0
BRDA:99,14,1,0
BRDA:106,15,0,0
BRDA:106,15,1,0
BRDA:117,16,0,0
BRDA:117,16,1,0
BRDA:119,17,0,0
BRDA:119,17,1,0
BRDA:123,18,0,0
BRDA:123,18,1,0
BRF:38
BRH:0
end_of_record
TN:
SF:src\components\ChartErrorBoundary.tsx
FN:19,(anonymous_0)
FN:27,(anonymous_1)
FN:35,(anonymous_2)
FN:45,(anonymous_3)
FNF:4
FNH:0
FNDA:0,(anonymous_0)
FNDA:0,(anonymous_1)
FNDA:0,(anonymous_2)
FNDA:0,(anonymous_3)
DA:20,0
DA:21,0
DA:29,0
DA:37,0
DA:40,0
DA:41,0
DA:46,0
DA:48,0
DA:52,0
LF:9
LH:0
BRDA:40,0,0,0
BRDA:40,0,1,0
BRDA:46,1,0,0
BRDA:46,1,1,0
BRF:4
BRH:0
end_of_record
TN:
SF:src\components\ChartVisualization.tsx
FN:40,(anonymous_0)
FN:56,(anonymous_1)
FN:64,(anonymous_2)
FN:90,(anonymous_3)
FN:91,(anonymous_4)
FN:97,(anonymous_5)
FN:110,(anonymous_6)
FN:111,(anonymous_7)
FN:112,(anonymous_8)
FN:115,(anonymous_9)
FN:118,(anonymous_10)
FN:128,(anonymous_11)
FN:129,(anonymous_12)
FN:131,(anonymous_13)
FN:138,(anonymous_14)
FN:149,(anonymous_15)
FN:156,(anonymous_16)
FN:157,(anonymous_17)
FN:170,(anonymous_18)
FN:187,(anonymous_19)
FN:188,(anonymous_20)
FN:205,(anonymous_21)
FN:222,(anonymous_22)
FN:223,(anonymous_23)
FN:242,(anonymous_24)
FN:267,(anonymous_25)
FN:283,(anonymous_26)
FN:335,(anonymous_27)
FN:338,(anonymous_28)
FN:370,(anonymous_29)
FN:373,(anonymous_30)
FN:432,(anonymous_31)
FNF:32
FNH:26
FNDA:19,(anonymous_0)
FNDA:0,(anonymous_1)
FNDA:0,(anonymous_2)
FNDA:11,(anonymous_3)
FNDA:22,(anonymous_4)
FNDA:286,(anonymous_5)
FNDA:17,(anonymous_6)
FNDA:221,(anonymous_7)
FNDA:57,(anonymous_8)
FNDA:0,(anonymous_9)
FNDA:114,(anonymous_10)
FNDA:6,(anonymous_11)
FNDA:6,(anonymous_12)
FNDA:14,(anonymous_13)
FNDA:57,(anonymous_14)
FNDA:0,(anonymous_15)
FNDA:0,(anonymous_16)
FNDA:0,(anonymous_17)
FNDA:16,(anonymous_18)
FNDA:57,(anonymous_19)
FNDA:149,(anonymous_20)
FNDA:1,(anonymous_21)
FNDA:4,(anonymous_22)
FNDA:10,(anonymous_23)
FNDA:1,(anonymous_24)
FNDA:2,(anonymous_25)
FNDA:18,(anonymous_26)
FNDA:57,(anonymous_27)
FNDA:2,(anonymous_28)
FNDA:247,(anonymous_29)
FNDA:6,(anonymous_30)
FNDA:38,(anonymous_31)
DA:40,1
DA:45,19
DA:46,19
DA:47,19
DA:55,19
DA:58,0
DA:59,0
DA:60,0
DA:61,0
DA:62,0
DA:66,0
DA:67,0
DA:68,0
DA:69,0
DA:70,0
DA:74,19
DA:90,19
DA:91,11
DA:92,22
DA:97,22
DA:98,286
DA:99,286
DA:100,242
DA:102,44
DA:106,22
DA:110,19
DA:111,221
DA:112,17
DA:113,57
DA:115,0
DA:118,57
DA:119,114
DA:120,114
DA:121,114
DA:124,57
DA:128,19
DA:129,6
DA:130,6
DA:131,14
DA:133,1
DA:138,19
DA:139,57
DA:141,19
DA:143,19
DA:145,19
DA:149,19
DA:150,0
DA:151,0
DA:157,0
DA:158,0
DA:167,0
DA:170,19
DA:171,16
DA:172,16
DA:188,149
DA:189,57
DA:190,57
DA:205,19
DA:206,1
DA:207,1
DA:223,10
DA:224,4
DA:225,4
DA:242,19
DA:243,1
DA:244,1
DA:268,2
DA:283,19
DA:284,18
DA:286,16
DA:288,1
DA:290,1
DA:292,0
DA:296,19
DA:336,57
DA:338,2
DA:371,247
DA:373,6
DA:433,38
LF:79
LH:62
BRDA:68,0,0,0
BRDA:68,0,1,0
BRDA:99,1,0,242
BRDA:99,1,1,44
BRDA:115,2,0,0
BRDA:115,2,1,57
BRDA:115,3,0,0
BRDA:115,3,1,0
BRDA:119,4,0,114
BRDA:119,4,1,0
BRDA:130,5,0,5
BRDA:130,5,1,1
BRDA:139,6,0,19
BRDA:139,6,1,19
BRDA:139,6,2,19
BRDA:150,7,0,0
BRDA:150,7,1,0
BRDA:150,8,0,0
BRDA:150,8,1,0
BRDA:150,8,2,0
BRDA:153,9,0,0
BRDA:153,9,1,0
BRDA:160,10,0,0
BRDA:160,10,1,0
BRDA:175,11,0,1
BRDA:175,11,1,15
BRDA:178,12,0,0
BRDA:178,12,1,16
BRDA:178,13,0,1
BRDA:178,13,1,15
BRDA:179,14,0,0
BRDA:179,14,1,16
BRDA:181,15,0,0
BRDA:181,15,1,16
BRDA:184,16,0,0
BRDA:184,16,1,16
BRDA:184,17,0,1
BRDA:184,17,1,15
BRDA:186,18,0,16
BRDA:186,18,1,16
BRDA:189,19,0,0
BRDA:189,19,1,57
BRDA:210,20,0,0
BRDA:210,20,1,1
BRDA:213,21,0,0
BRDA:213,21,1,1
BRDA:213,22,0,0
BRDA:213,22,1,1
BRDA:214,23,0,0
BRDA:214,23,1,1
BRDA:216,24,0,0
BRDA:216,24,1,1
BRDA:219,25,0,0
BRDA:219,25,1,1
BRDA:219,26,0,0
BRDA:219,26,1,1
BRDA:221,27,0,1
BRDA:221,27,1,1
BRDA:224,28,0,0
BRDA:224,28,1,4
BRDA:231,29,0,0
BRDA:231,29,1,4
BRDA:232,30,0,0
BRDA:232,30,1,4
BRDA:250,31,0,0
BRDA:250,31,1,1
BRDA:252,32,0,0
BRDA:252,32,1,1
BRDA:255,33,0,0
BRDA:255,33,1,1
BRDA:258,34,0,0
BRDA:258,34,1,1
BRDA:258,35,0,0
BRDA:258,35,1,1
BRDA:263,36,0,0
BRDA:263,36,1,1
BRDA:263,37,0,0
BRDA:263,37,1,1
BRDA:266,38,0,1
BRDA:266,38,1,1
BRDA:275,39,0,0
BRDA:275,39,1,2
BRDA:284,40,0,16
BRDA:284,40,1,1
BRDA:284,40,2,1
BRDA:284,40,3,0
BRDA:297,41,0,1
BRDA:297,41,1,18
BRDA:301,42,0,19
BRDA:301,42,1,18
BRDA:305,43,0,1
BRDA:305,43,1,17
BRDA:319,44,0,1
BRDA:319,44,1,18
BRDA:330,45,0,19
BRDA:330,45,1,0
BRDA:334,46,0,0
BRDA:334,46,1,19
BRDA:340,47,0,0
BRDA:340,47,1,57
BRDA:341,48,0,0
BRDA:341,48,1,57
BRDA:344,49,0,0
BRDA:344,49,1,57
BRDA:346,50,0,19
BRDA:346,50,1,38
BRDA:348,51,0,2
BRDA:348,51,1,36
BRDA:354,52,0,57
BRDA:354,52,1,57
BRDA:364,53,0,0
BRDA:364,53,1,19
BRDA:366,54,0,0
BRDA:366,54,1,19
BRDA:375,55,0,0
BRDA:375,55,1,247
BRDA:378,56,0,0
BRDA:378,56,1,247
BRDA:380,57,0,65
BRDA:380,57,1,182
BRDA:382,58,0,9
BRDA:382,58,1,173
BRDA:388,59,0,0
BRDA:388,59,1,247
BRDA:399,60,0,0
BRDA:399,60,1,19
BRDA:400,61,0,1
BRDA:400,61,1,18
BRDA:402,62,0,0
BRDA:402,62,1,19
BRDA:404,63,0,1
BRDA:404,63,1,18
BRDA:406,64,0,0
BRDA:406,64,1,1
BRDA:406,65,0,0
BRDA:406,65,1,1
BRDA:413,66,0,18
BRDA:413,66,1,0
BRDA:426,67,0,0
BRDA:426,67,1,19
BRDA:428,68,0,0
BRDA:428,68,1,19
BRDA:436,69,0,0
BRDA:436,69,1,38
BRDA:438,70,0,2
BRDA:438,70,1,36
BRDA:442,71,0,38
BRDA:442,71,1,38
BRDA:445,72,0,0
BRDA:445,72,1,38
BRDA:449,73,0,0
BRDA:449,73,1,38
BRDA:452,74,0,0
BRDA:452,74,1,38
BRDA:453,75,0,2
BRDA:453,75,1,36
BRDA:465,76,0,1
BRDA:465,76,1,18
BRDA:468,77,0,19
BRDA:468,77,1,18
BRF:160
BRH:100
end_of_record
TN:
SF:src\components\ChatComparisonChart.tsx
FN:69,(anonymous_0)
FN:73,(anonymous_1)
FN:84,(anonymous_2)
FN:96,(anonymous_3)
FN:156,(anonymous_4)
FN:160,(anonymous_5)
FN:168,(anonymous_6)
FN:187,(anonymous_7)
FN:209,(anonymous_8)
FN:217,(anonymous_9)
FN:258,(anonymous_10)
FN:277,(anonymous_11)
FN:301,(anonymous_12)
FN:306,(anonymous_13)
FN:312,(anonymous_14)
FN:316,(anonymous_15)
FN:367,(anonymous_16)
FN:404,(anonymous_17)
FN:410,(anonymous_18)
FN:417,(anonymous_19)
FN:541,(anonymous_20)
FN:567,(anonymous_21)
FN:588,(anonymous_22)
FN:616,(anonymous_23)
FN:622,(anonymous_24)
FN:628,(anonymous_25)
FN:633,(anonymous_26)
FN:638,(anonymous_27)
FN:639,(anonymous_28)
FN:641,(anonymous_29)
FN:645,(anonymous_30)
FN:648,(anonymous_31)
FN:685,(anonymous_32)
FN:688,(anonymous_33)
FN:689,(anonymous_34)
FN:692,(anonymous_35)
FN:698,(anonymous_36)
FN:708,(anonymous_37)
FN:722,(anonymous_38)
FN:756,(anonymous_39)
FN:757,(anonymous_40)
FN:761,(anonymous_41)
FN:766,(anonymous_42)
FN:779,(anonymous_43)
FN:781,(anonymous_44)
FN:786,(anonymous_45)
FN:796,(anonymous_46)
FN:801,(anonymous_47)
FN:807,(anonymous_48)
FN:810,(anonymous_49)
FN:819,(anonymous_50)
FN:823,(anonymous_51)
FN:831,(anonymous_52)
FN:862,(anonymous_53)
FN:865,(anonymous_54)
FN:870,(anonymous_55)
FN:876,(anonymous_56)
FN:883,(anonymous_57)
FN:890,(anonymous_58)
FN:897,(anonymous_59)
FN:951,(anonymous_60)
FN:964,(anonymous_61)
FN:1021,(anonymous_62)
FN:1050,(anonymous_63)
FN:1159,(anonymous_64)
FN:1180,(anonymous_65)
FN:1217,(anonymous_66)
FN:1223,(anonymous_67)
FN:1260,(anonymous_68)
FN:1276,(anonymous_69)
FN:1278,(anonymous_70)
FN:1289,(anonymous_71)
FN:1292,(anonymous_72)
FN:1305,(anonymous_73)
FN:1339,(anonymous_74)
FN:1389,(anonymous_75)
FN:1448,(anonymous_76)
FNF:77
FNH:0
FNDA:0,(anonymous_0)
FNDA:0,(anonymous_1)
FNDA:0,(anonymous_2)
FNDA:0,(anonymous_3)
FNDA:0,(anonymous_4)
FNDA:0,(anonymous_5)
FNDA:0,(anonymous_6)
FNDA:0,(anonymous_7)
FNDA:0,(anonymous_8)
FNDA:0,(anonymous_9)
FNDA:0,(anonymous_10)
FNDA:0,(anonymous_11)
FNDA:0,(anonymous_12)
FNDA:0,(anonymous_13)
FNDA:0,(anonymous_14)
FNDA:0,(anonymous_15)
FNDA:0,(anonymous_16)
FNDA:0,(anonymous_17)
FNDA:0,(anonymous_18)
FNDA:0,(anonymous_19)
FNDA:0,(anonymous_20)
FNDA:0,(anonymous_21)
FNDA:0,(anonymous_22)
FNDA:0,(anonymous_23)
FNDA:0,(anonymous_24)
FNDA:0,(anonymous_25)
FNDA:0,(anonymous_26)
FNDA:0,(anonymous_27)
FNDA:0,(anonymous_28)
FNDA:0,(anonymous_29)
FNDA:0,(anonymous_30)
FNDA:0,(anonymous_31)
FNDA:0,(anonymous_32)
FNDA:0,(anonymous_33)
FNDA:0,(anonymous_34)
FNDA:0,(anonymous_35)
FNDA:0,(anonymous_36)
FNDA:0,(anonymous_37)
FNDA:0,(anonymous_38)
FNDA:0,(anonymous_39)
FNDA:0,(anonymous_40)
FNDA:0,(anonymous_41)
FNDA:0,(anonymous_42)
FNDA:0,(anonymous_43)
FNDA:0,(anonymous_44)
FNDA:0,(anonymous_45)
FNDA:0,(anonymous_46)
FNDA:0,(anonymous_47)
FNDA:0,(anonymous_48)
FNDA:0,(anonymous_49)
FNDA:0,(anonymous_50)
FNDA:0,(anonymous_51)
FNDA:0,(anonymous_52)
FNDA:0,(anonymous_53)
FNDA:0,(anonymous_54)
FNDA:0,(anonymous_55)
FNDA:0,(anonymous_56)
FNDA:0,(anonymous_57)
FNDA:0,(anonymous_58)
FNDA:0,(anonymous_59)
FNDA:0,(anonymous_60)
FNDA:0,(anonymous_61)
FNDA:0,(anonymous_62)
FNDA:0,(anonymous_63)
FNDA:0,(anonymous_64)
FNDA:0,(anonymous_65)
FNDA:0,(anonymous_66)
FNDA:0,(anonymous_67)
FNDA:0,(anonymous_68)
FNDA:0,(anonymous_69)
FNDA:0,(anonymous_70)
FNDA:0,(anonymous_71)
FNDA:0,(anonymous_72)
FNDA:0,(anonymous_73)
FNDA:0,(anonymous_74)
FNDA:0,(anonymous_75)
FNDA:0,(anonymous_76)
DA:69,0
DA:70,0
DA:73,0
DA:74,0
DA:75,0
DA:76,0
DA:77,0
DA:81,0
DA:84,0
DA:85,0
DA:87,0
DA:91,0
DA:92,0
DA:96,0
DA:97,0
DA:98,0
DA:105,0
DA:114,0
DA:115,0
DA:117,0
DA:152,0
DA:156,0
DA:157,0
DA:160,0
DA:161,0
DA:162,0
DA:163,0
DA:164,0
DA:168,0
DA:170,0
DA:172,0
DA:173,0
DA:174,0
DA:177,0
DA:178,0
DA:180,0
DA:181,0
DA:183,0
DA:187,0
DA:188,0
DA:189,0
DA:191,0
DA:193,0
DA:194,0
DA:195,0
DA:197,0
DA:199,0
DA:204,0
DA:205,0
DA:209,0
DA:210,0
DA:211,0
DA:212,0
DA:213,0
DA:217,0
DA:218,0
DA:224,0
DA:225,0
DA:246,0
DA:259,0
DA:277,0
DA:287,0
DA:289,0
DA:292,0
DA:301,0
DA:302,0
DA:303,0
DA:306,0
DA:307,0
DA:312,0
DA:315,0
DA:316,0
DA:319,0
DA:368,0
DA:369,0
DA:405,0
DA:406,0
DA:407,0
DA:410,0
DA:411,0
DA:412,0
DA:413,0
DA:417,0
DA:418,0
DA:419,0
DA:420,0
DA:423,0
DA:424,0
DA:426,0
DA:538,0
DA:541,0
DA:549,0
DA:550,0
DA:553,0
DA:556,0
DA:560,0
DA:566,0
DA:567,0
DA:576,0
DA:579,0
DA:580,0
DA:581,0
DA:585,0
DA:588,0
DA:590,0
DA:596,0
DA:598,0
DA:615,0
DA:616,0
DA:621,0
DA:622,0
DA:627,0
DA:628,0
DA:633,0
DA:634,0
DA:637,0
DA:638,0
DA:639,0
DA:641,0
DA:642,0
DA:645,0
DA:646,0
DA:648,0
DA:650,0
DA:651,0
DA:654,0
DA:655,0
DA:657,0
DA:660,0
DA:663,0
DA:666,0
DA:671,0
DA:672,0
DA:675,0
DA:678,0
DA:680,0
DA:685,0
DA:686,0
DA:688,0
DA:689,0
DA:690,0
DA:692,0
DA:698,0
DA:699,0
DA:705,0
DA:708,0
DA:709,0
DA:710,0
DA:711,0
DA:713,0
DA:715,0
DA:722,0
DA:723,0
DA:724,0
DA:727,0
DA:728,0
DA:733,0
DA:734,0
DA:742,0
DA:743,0
DA:744,0
DA:745,0
DA:755,0
DA:756,0
DA:757,0
DA:758,0
DA:761,0
DA:765,0
DA:766,0
DA:770,0
DA:778,0
DA:779,0
DA:781,0
DA:785,0
DA:787,0
DA:795,0
DA:796,0
DA:800,0
DA:802,0
DA:807,0
DA:808,0
DA:810,0
DA:812,0
DA:813,0
DA:814,0
DA:818,0
DA:819,0
DA:823,0
DA:825,0
DA:826,0
DA:831,0
DA:833,0
DA:834,0
DA:835,0
DA:841,0
DA:844,0
DA:850,0
DA:853,0
DA:856,0
DA:859,0
DA:862,0
DA:863,0
DA:864,0
DA:865,0
DA:869,0
DA:871,0
DA:873,0
DA:876,0
DA:877,0
DA:879,0
DA:880,0
DA:883,0
DA:884,0
DA:886,0
DA:887,0
DA:890,0
DA:891,0
DA:893,0
DA:894,0
DA:897,0
DA:898,0
DA:900,0
DA:901,0
DA:905,0
DA:906,0
DA:907,0
DA:908,0
DA:909,0
DA:912,0
DA:915,0
DA:916,0
DA:917,0
DA:918,0
DA:924,0
DA:951,0
DA:964,0
DA:1022,0
DA:1023,0
DA:1024,0
DA:1050,0
DA:1160,0
DA:1180,0
DA:1218,0
DA:1224,0
DA:1225,0
DA:1261,0
DA:1278,0
DA:1279,0
DA:1282,0
DA:1285,0
DA:1290,0
DA:1293,0
DA:1306,0
DA:1340,0
DA:1341,0
DA:1389,0
DA:1449,0
LF:257
LH:0
BRDA:74,0,0,0
BRDA:74,0,1,0
BRDA:75,1,0,0
BRDA:75,1,1,0
BRDA:76,2,0,0
BRDA:76,2,1,0
BRDA:81,3,0,0
BRDA:81,3,1,0
BRDA:85,4,0,0
BRDA:85,4,1,0
BRDA:87,5,0,0
BRDA:87,5,1,0
BRDA:97,6,0,0
BRDA:97,6,1,0
BRDA:114,7,0,0
BRDA:114,7,1,0
BRDA:128,8,0,0
BRDA:128,8,1,0
BRDA:130,9,0,0
BRDA:130,9,1,0
BRDA:141,10,0,0
BRDA:141,10,1,0
BRDA:141,10,2,0
BRDA:161,11,0,0
BRDA:161,11,1,0
BRDA:162,12,0,0
BRDA:162,12,1,0
BRDA:163,13,0,0
BRDA:163,13,1,0
BRDA:168,14,0,0
BRDA:170,15,0,0
BRDA:170,15,1,0
BRDA:177,16,0,0
BRDA:177,16,1,0
BRDA:188,17,0,0
BRDA:188,17,1,0
BRDA:189,18,0,0
BRDA:189,18,1,0
BRDA:191,19,0,0
BRDA:191,19,1,0
BRDA:193,20,0,0
BRDA:193,20,1,0
BRDA:204,21,0,0
BRDA:204,21,1,0
BRDA:210,22,0,0
BRDA:210,22,1,0
BRDA:211,23,0,0
BRDA:211,23,1,0
BRDA:212,24,0,0
BRDA:212,24,1,0
BRDA:218,25,0,0
BRDA:218,25,1,0
BRDA:224,26,0,0
BRDA:224,26,1,0
BRDA:232,27,0,0
BRDA:232,27,1,0
BRDA:252,28,0,0
BRDA:252,28,1,0
BRDA:262,29,0,0
BRDA:262,29,1,0
BRDA:265,30,0,0
BRDA:265,30,1,0
BRDA:287,31,0,0
BRDA:287,31,1,0
BRDA:287,31,2,0
BRDA:287,31,3,0
BRDA:289,32,0,0
BRDA:289,32,1,0
BRDA:292,33,0,0
BRDA:292,33,1,0
BRDA:294,34,0,0
BRDA:294,34,1,0
BRDA:296,35,0,0
BRDA:296,35,1,0
BRDA:301,36,0,0
BRDA:301,36,1,0
BRDA:307,37,0,0
BRDA:307,37,1,0
BRDA:307,38,0,0
BRDA:307,38,1,0
BRDA:309,39,0,0
BRDA:309,39,1,0
BRDA:316,40,0,0
BRDA:316,40,1,0
BRDA:316,41,0,0
BRDA:316,41,1,0
BRDA:322,42,0,0
BRDA:322,42,1,0
BRDA:324,43,0,0
BRDA:324,43,1,0
BRDA:328,44,0,0
BRDA:328,44,1,0
BRDA:334,45,0,0
BRDA:334,45,1,0
BRDA:338,46,0,0
BRDA:338,46,1,0
BRDA:340,47,0,0
BRDA:340,47,1,0
BRDA:345,48,0,0
BRDA:345,48,1,0
BRDA:351,49,0,0
BRDA:351,49,1,0
BRDA:355,50,0,0
BRDA:355,50,1,0
BRDA:358,51,0,0
BRDA:358,51,1,0
BRDA:369,52,0,0
BRDA:369,52,1,0
BRDA:372,53,0,0
BRDA:372,53,1,0
BRDA:376,54,0,0
BRDA:376,54,1,0
BRDA:378,55,0,0
BRDA:378,55,1,0
BRDA:389,56,0,0
BRDA:389,56,1,0
BRDA:393,57,0,0
BRDA:393,57,1,0
BRDA:401,58,0,0
BRDA:401,58,1,0
BRDA:406,59,0,0
BRDA:406,59,1,0
BRDA:411,60,0,0
BRDA:411,60,1,0
BRDA:412,61,0,0
BRDA:412,61,1,0
BRDA:418,62,0,0
BRDA:418,62,1,0
BRDA:419,63,0,0
BRDA:419,63,1,0
BRDA:430,64,0,0
BRDA:430,64,1,0
BRDA:431,65,0,0
BRDA:431,65,1,0
BRDA:432,66,0,0
BRDA:432,66,1,0
BRDA:434,67,0,0
BRDA:434,67,1,0
BRDA:435,68,0,0
BRDA:435,68,1,0
BRDA:439,69,0,0
BRDA:439,69,1,0
BRDA:440,70,0,0
BRDA:440,70,1,0
BRDA:441,71,0,0
BRDA:441,71,1,0
BRDA:449,72,0,0
BRDA:449,72,1,0
BRDA:452,73,0,0
BRDA:452,73,1,0
BRDA:453,74,0,0
BRDA:453,74,1,0
BRDA:461,75,0,0
BRDA:461,75,1,0
BRDA:466,76,0,0
BRDA:466,76,1,0
BRDA:468,77,0,0
BRDA:468,77,1,0
BRDA:470,78,0,0
BRDA:470,78,1,0
BRDA:470,79,0,0
BRDA:470,79,1,0
BRDA:477,80,0,0
BRDA:477,80,1,0
BRDA:482,81,0,0
BRDA:482,81,1,0
BRDA:484,82,0,0
BRDA:484,82,1,0
BRDA:486,83,0,0
BRDA:486,83,1,0
BRDA:491,84,0,0
BRDA:491,84,1,0
BRDA:499,85,0,0
BRDA:499,85,1,0
BRDA:499,85,2,0
BRDA:502,86,0,0
BRDA:502,86,1,0
BRDA:503,87,0,0
BRDA:503,87,1,0
BRDA:505,88,0,0
BRDA:505,88,1,0
BRDA:505,88,2,0
BRDA:505,88,3,0
BRDA:513,89,0,0
BRDA:513,89,1,0
BRDA:516,90,0,0
BRDA:516,90,1,0
BRDA:547,91,0,0
BRDA:556,92,0,0
BRDA:556,92,1,0
BRDA:579,93,0,0
BRDA:579,93,1,0
BRDA:580,94,0,0
BRDA:580,94,1,0
BRDA:581,95,0,0
BRDA:581,95,1,0
BRDA:596,96,0,0
BRDA:596,96,1,0
BRDA:600,97,0,0
BRDA:600,97,1,0
BRDA:637,98,0,0
BRDA:637,98,1,0
BRDA:645,99,0,0
BRDA:645,99,1,0
BRDA:646,100,0,0
BRDA:646,100,1,0
BRDA:655,101,0,0
BRDA:655,101,1,0
BRDA:655,102,0,0
BRDA:655,102,1,0
BRDA:657,103,0,0
BRDA:657,103,1,0
BRDA:666,104,0,0
BRDA:666,104,1,0
BRDA:666,105,0,0
BRDA:666,105,1,0
BRDA:671,106,0,0
BRDA:671,106,1,0
BRDA:671,107,0,0
BRDA:671,107,1,0
BRDA:686,108,0,0
BRDA:686,108,1,0
BRDA:686,109,0,0
BRDA:686,109,1,0
BRDA:686,109,2,0
BRDA:699,110,0,0
BRDA:699,110,1,0
BRDA:699,111,0,0
BRDA:699,111,1,0
BRDA:699,111,2,0
BRDA:713,112,0,0
BRDA:713,112,1,0
BRDA:713,113,0,0
BRDA:713,113,1,0
BRDA:724,114,0,0
BRDA:724,114,1,0
BRDA:727,115,0,0
BRDA:727,115,1,0
BRDA:733,116,0,0
BRDA:733,116,1,0
BRDA:743,117,0,0
BRDA:743,117,1,0
BRDA:755,118,0,0
BRDA:755,118,1,0
BRDA:766,119,0,0
BRDA:766,119,1,0
BRDA:808,120,0,0
BRDA:808,120,1,0
BRDA:813,121,0,0
BRDA:813,121,1,0
BRDA:813,122,0,0
BRDA:813,122,1,0
BRDA:825,123,0,0
BRDA:825,123,1,0
BRDA:833,124,0,0
BRDA:833,124,1,0
BRDA:833,125,0,0
BRDA:833,125,1,0
BRDA:871,126,0,0
BRDA:871,126,1,0
BRDA:871,127,0,0
BRDA:871,127,1,0
BRDA:873,128,0,0
BRDA:873,128,1,0
BRDA:873,128,2,0
BRDA:873,128,3,0
BRDA:873,128,4,0
BRDA:873,128,5,0
BRDA:873,128,6,0
BRDA:877,129,0,0
BRDA:877,129,1,0
BRDA:884,130,0,0
BRDA:884,130,1,0
BRDA:891,131,0,0
BRDA:891,131,1,0
BRDA:898,132,0,0
BRDA:898,132,1,0
BRDA:905,133,0,0
BRDA:905,133,1,0
BRDA:905,134,0,0
BRDA:905,134,1,0
BRDA:907,135,0,0
BRDA:907,135,1,0
BRDA:907,136,0,0
BRDA:907,136,1,0
BRDA:936,137,0,0
BRDA:936,137,1,0
BRDA:948,138,0,0
BRDA:948,138,1,0
BRDA:953,139,0,0
BRDA:953,139,1,0
BRDA:966,140,0,0
BRDA:966,140,1,0
BRDA:979,141,0,0
BRDA:979,141,1,0
BRDA:979,141,2,0
BRDA:994,142,0,0
BRDA:994,142,1,0
BRDA:1000,143,0,0
BRDA:1000,143,1,0
BRDA:1000,143,2,0
BRDA:1011,144,0,0
BRDA:1011,144,1,0
BRDA:1068,145,0,0
BRDA:1068,145,1,0
BRDA:1070,146,0,0
BRDA:1070,146,1,0
BRDA:1077,147,0,0
BRDA:1077,147,1,0
BRDA:1078,148,0,0
BRDA:1078,148,1,0
BRDA:1090,149,0,0
BRDA:1090,149,1,0
BRDA:1093,150,0,0
BRDA:1093,150,1,0
BRDA:1099,151,0,0
BRDA:1099,151,1,0
BRDA:1105,152,0,0
BRDA:1105,152,1,0
BRDA:1116,153,0,0
BRDA:1116,153,1,0
BRDA:1126,154,0,0
BRDA:1126,154,1,0
BRDA:1131,155,0,0
BRDA:1131,155,1,0
BRDA:1133,156,0,0
BRDA:1133,156,1,0
BRDA:1146,157,0,0
BRDA:1146,157,1,0
BRDA:1156,158,0,0
BRDA:1156,158,1,0
BRDA:1168,159,0,0
BRDA:1168,159,1,0
BRDA:1168,160,0,0
BRDA:1168,160,1,0
BRDA:1169,161,0,0
BRDA:1169,161,1,0
BRDA:1169,162,0,0
BRDA:1169,162,1,0
BRDA:1170,163,0,0
BRDA:1170,163,1,0
BRDA:1171,164,0,0
BRDA:1171,164,1,0
BRDA:1176,165,0,0
BRDA:1176,165,1,0
BRDA:1182,166,0,0
BRDA:1182,166,1,0
BRDA:1183,167,0,0
BRDA:1183,167,1,0
BRDA:1185,168,0,0
BRDA:1185,168,1,0
BRDA:1186,169,0,0
BRDA:1186,169,1,0
BRDA:1187,170,0,0
BRDA:1187,170,1,0
BRDA:1189,171,0,0
BRDA:1189,171,1,0
BRDA:1198,172,0,0
BRDA:1198,172,1,0
BRDA:1198,173,0,0
BRDA:1198,173,1,0
BRDA:1206,174,0,0
BRDA:1206,174,1,0
BRDA:1207,175,0,0
BRDA:1207,175,1,0
BRDA:1224,176,0,0
BRDA:1224,176,1,0
BRDA:1224,177,0,0
BRDA:1224,177,1,0
BRDA:1224,177,2,0
BRDA:1231,178,0,0
BRDA:1231,178,1,0
BRDA:1235,179,0,0
BRDA:1235,179,1,0
BRDA:1250,180,0,0
BRDA:1250,180,1,0
BRDA:1250,180,2,0
BRDA:1254,181,0,0
BRDA:1254,181,1,0
BRDA:1256,182,0,0
BRDA:1256,182,1,0
BRDA:1258,183,0,0
BRDA:1258,183,1,0
BRDA:1263,184,0,0
BRDA:1263,184,1,0
BRDA:1264,185,0,0
BRDA:1264,185,1,0
BRDA:1271,186,0,0
BRDA:1271,186,1,0
BRDA:1290,187,0,0
BRDA:1290,187,1,0
BRDA:1290,187,2,0
BRDA:1295,188,0,0
BRDA:1295,188,1,0
BRDA:1311,189,0,0
BRDA:1311,189,1,0
BRDA:1314,190,0,0
BRDA:1314,190,1,0
BRDA:1314,191,0,0
BRDA:1314,191,1,0
BRDA:1317,192,0,0
BRDA:1317,192,1,0
BRDA:1321,193,0,0
BRDA:1321,193,1,0
BRDA:1321,194,0,0
BRDA:1321,194,1,0
BRDA:1324,195,0,0
BRDA:1324,195,1,0
BRDA:1328,196,0,0
BRDA:1328,196,1,0
BRDA:1337,197,0,0
BRDA:1337,197,1,0
BRDA:1356,198,0,0
BRDA:1356,198,1,0
BRDA:1356,198,2,0
BRDA:1356,198,3,0
BRDA:1360,199,0,0
BRDA:1360,199,1,0
BRDA:1386,200,0,0
BRDA:1386,200,1,0
BRDA:1393,201,0,0
BRDA:1393,201,1,0
BRDA:1434,202,0,0
BRDA:1434,202,1,0
BRDA:1434,203,0,0
BRDA:1434,203,1,0
BRDA:1436,204,0,0
BRDA:1436,204,1,0
BRDA:1439,205,0,0
BRDA:1439,205,1,0
BRDA:1453,206,0,0
BRDA:1453,206,1,0
BRDA:1483,207,0,0
BRDA:1483,207,1,0
BRDA:1483,207,2,0
BRF:435
BRH:0
end_of_record
TN:
SF:src\components\ChatPhoneCard.tsx
FN:16,(anonymous_0)
FN:29,(anonymous_1)
FN:37,(anonymous_2)
FN:116,(anonymous_3)
FN:173,(anonymous_4)
FN:174,(anonymous_5)
FN:175,(anonymous_6)
FN:176,(anonymous_7)
FN:211,(anonymous_8)
FNF:9
FNH:0
FNDA:0,(anonymous_0)
FNDA:0,(anonymous_1)
FNDA:0,(anonymous_2)
FNDA:0,(anonymous_3)
FNDA:0,(anonymous_4)
FNDA:0,(anonymous_5)
FNDA:0,(anonymous_6)
FNDA:0,(anonymous_7)
FNDA:0,(anonymous_8)
DA:16,0
DA:18,0
DA:19,0
DA:20,0
DA:21,0
DA:24,0
DA:27,0
DA:29,0
DA:30,0
DA:31,0
DA:37,0
DA:38,0
DA:39,0
DA:41,0
DA:46,0
DA:117,0
DA:118,0
DA:173,0
DA:174,0
DA:175,0
DA:176,0
DA:212,0
DA:213,0
LF:23
LH:0
BRDA:17,0,0,0
BRDA:30,1,0,0
BRDA:30,1,1,0
BRDA:38,2,0,0
BRDA:38,2,1,0
BRDA:46,3,0,0
BRDA:46,3,1,0
BRDA:50,4,0,0
BRDA:50,4,1,0
BRDA:56,5,0,0
BRDA:56,5,1,0
BRDA:59,6,0,0
BRDA:59,6,1,0
BRDA:72,7,0,0
BRDA:72,7,1,0
BRDA:76,8,0,0
BRDA:76,8,1,0
BRDA:79,9,0,0
BRDA:79,9,1,0
BRDA:83,10,0,0
BRDA:83,10,1,0
BRDA:87,11,0,0
BRDA:87,11,1,0
BRDA:87,11,2,0
BRDA:91,12,0,0
BRDA:91,12,1,0
BRDA:95,13,0,0
BRDA:95,13,1,0
BRDA:99,14,0,0
BRDA:99,14,1,0
BRDA:99,15,0,0
BRDA:99,15,1,0
BRDA:103,16,0,0
BRDA:103,16,1,0
BRDA:103,17,0,0
BRDA:103,17,1,0
BRDA:105,18,0,0
BRDA:105,18,1,0
BRDA:127,19,0,0
BRDA:127,19,1,0
BRDA:131,20,0,0
BRDA:131,20,1,0
BRDA:134,21,0,0
BRDA:134,21,1,0
BRDA:136,22,0,0
BRDA:136,22,1,0
BRDA:138,23,0,0
BRDA:138,23,1,0
BRDA:148,24,0,0
BRDA:148,24,1,0
BRDA:154,25,0,0
BRDA:154,25,1,0
BRDA:167,26,0,0
BRDA:167,26,1,0
BRDA:172,27,0,0
BRDA:172,27,1,0
BRDA:178,28,0,0
BRDA:178,28,1,0
BRDA:180,29,0,0
BRDA:180,29,1,0
BRDA:182,30,0,0
BRDA:182,30,1,0
BRDA:195,31,0,0
BRDA:195,31,1,0
BRDA:196,32,0,0
BRDA:196,32,1,0
BRDA:196,33,0,0
BRDA:196,33,1,0
BRDA:199,34,0,0
BRDA:199,34,1,0
BRDA:200,35,0,0
BRDA:200,35,1,0
BRDA:200,36,0,0
BRDA:200,36,1,0
BRF:74
BRH:0
end_of_record
TN:
SF:src\components\ChatPhoneRecommendation.tsx
FN:28,(anonymous_0)
FN:42,(anonymous_1)
FN:47,(anonymous_2)
FN:52,(anonymous_3)
FN:58,(anonymous_4)
FN:74,(anonymous_5)
FN:81,(anonymous_6)
FN:104,(anonymous_7)
FN:129,(anonymous_8)
FN:130,(anonymous_9)
FN:130,(anonymous_10)
FN:133,(anonymous_11)
FN:135,(anonymous_12)
FN:172,(anonymous_13)
FN:186,(anonymous_14)
FN:195,(anonymous_15)
FNF:16
FNH:0
FNDA:0,(anonymous_0)
FNDA:0,(anonymous_1)
FNDA:0,(anonymous_2)
FNDA:0,(anonymous_3)
FNDA:0,(anonymous_4)
FNDA:0,(anonymous_5)
FNDA:0,(anonymous_6)
FNDA:0,(anonymous_7)
FNDA:0,(anonymous_8)
FNDA:0,(anonymous_9)
FNDA:0,(anonymous_10)
FNDA:0,(anonymous_11)
FNDA:0,(anonymous_12)
FNDA:0,(anonymous_13)
FNDA:0,(anonymous_14)
FNDA:0,(anonymous_15)
DA:28,0
DA:38,0
DA:39,0
DA:42,0
DA:43,0
DA:47,0
DA:48,0
DA:52,0
DA:53,0
DA:54,0
DA:58,0
DA:59,0
DA:60,0
DA:61,0
DA:66,0
DA:68,0
DA:74,0
DA:75,0
DA:81,0
DA:82,0
DA:84,0
DA:86,0
DA:87,0
DA:94,0
DA:97,0
DA:99,0
DA:104,0
DA:105,0
DA:107,0
DA:129,0
DA:130,0
DA:133,0
DA:134,0
DA:135,0
DA:136,0
DA:141,0
DA:173,0
LF:37
LH:0
BRDA:31,0,0,0
BRDA:34,1,0,0
BRDA:53,2,0,0
BRDA:53,2,1,0
BRDA:59,3,0,0
BRDA:59,3,1,0
BRDA:59,4,0,0
BRDA:59,4,1,0
BRDA:59,4,2,0
BRDA:59,4,3,0
BRDA:75,5,0,0
BRDA:75,5,1,0
BRDA:82,6,0,0
BRDA:82,6,1,0
BRDA:82,7,0,0
BRDA:82,7,1,0
BRDA:86,8,0,0
BRDA:86,8,1,0
BRDA:105,9,0,0
BRDA:105,9,1,0
BRDA:105,10,0,0
BRDA:105,10,1,0
BRDA:134,11,0,0
BRDA:134,11,1,0
BRDA:144,12,0,0
BRDA:144,12,1,0
BRDA:150,13,0,0
BRDA:150,13,1,0
BRDA:152,14,0,0
BRDA:152,14,1,0
BRDA:153,15,0,0
BRDA:153,15,1,0
BRDA:166,16,0,0
BRDA:166,16,1,0
BRDA:168,17,0,0
BRDA:168,17,1,0
BRDA:186,18,0,0
BRDA:186,18,1,0
BRDA:195,19,0,0
BRDA:195,19,1,0
BRF:40
BRH:0
end_of_record
TN:
SF:src\components\ChatSpecTable.tsx
FN:60,(anonymous_0)
FN:68,(anonymous_1)
FN:86,(anonymous_2)
FN:88,(anonymous_3)
FN:97,(anonymous_4)
FN:98,(anonymous_5)
FN:102,(anonymous_6)
FN:103,(anonymous_7)
FN:105,(anonymous_8)
FN:109,(anonymous_9)
FN:123,(anonymous_10)
FN:129,(anonymous_11)
FN:140,(anonymous_12)
FN:153,(anonymous_13)
FN:164,(anonymous_14)
FN:189,(anonymous_15)
FN:193,(anonymous_16)
FNF:17
FNH:0
FNDA:0,(anonymous_0)
FNDA:0,(anonymous_1)
FNDA:0,(anonymous_2)
FNDA:0,(anonymous_3)
FNDA:0,(anonymous_4)
FNDA:0,(anonymous_5)
FNDA:0,(anonymous_6)
FNDA:0,(anonymous_7)
FNDA:0,(anonymous_8)
FNDA:0,(anonymous_9)
FNDA:0,(anonymous_10)
FNDA:0,(anonymous_11)
FNDA:0,(anonymous_12)
FNDA:0,(anonymous_13)
FNDA:0,(anonymous_14)
FNDA:0,(anonymous_15)
FNDA:0,(anonymous_16)
DA:14,0
DA:60,0
DA:65,0
DA:68,0
DA:69,0
DA:72,0
DA:73,0
DA:77,0
DA:78,0
DA:82,0
DA:86,0
DA:88,0
DA:89,0
DA:90,0
DA:91,0
DA:93,0
DA:97,0
DA:98,0
DA:102,0
DA:103,0
DA:104,0
DA:105,0
DA:109,0
DA:112,0
DA:124,0
DA:129,0
DA:141,0
DA:154,0
DA:156,0
DA:165,0
DA:190,0
DA:193,0
LF:32
LH:0
BRDA:72,0,0,0
BRDA:72,0,1,0
BRDA:72,1,0,0
BRDA:72,1,1,0
BRDA:72,1,2,0
BRDA:72,1,3,0
BRDA:77,2,0,0
BRDA:77,2,1,0
BRDA:77,3,0,0
BRDA:77,3,1,0
BRDA:82,4,0,0
BRDA:82,4,1,0
BRDA:82,5,0,0
BRDA:82,5,1,0
BRDA:90,6,0,0
BRDA:90,6,1,0
BRDA:90,7,0,0
BRDA:90,7,1,0
BRDA:90,7,2,0
BRDA:97,8,0,0
BRDA:97,8,1,0
BRDA:102,9,0,0
BRDA:102,9,1,0
BRDA:126,10,0,0
BRDA:126,10,1,0
BRDA:126,10,2,0
BRDA:143,11,0,0
BRDA:143,11,1,0
BRDA:159,12,0,0
BRDA:159,12,1,0
BRDA:168,13,0,0
BRDA:168,13,1,0
BRDA:169,14,0,0
BRDA:169,14,1,0
BRDA:190,15,0,0
BRDA:190,15,1,0
BRDA:190,15,2,0
BRDA:195,16,0,0
BRDA:195,16,1,0
BRF:39
BRH:0
end_of_record
TN:
SF:src\components\CompareSelection.tsx
FN:15,(anonymous_0)
FN:38,(anonymous_1)
FN:49,(anonymous_2)
FN:55,(anonymous_3)
FNF:4
FNH:0
FNDA:0,(anonymous_0)
FNDA:0,(anonymous_1)
FNDA:0,(anonymous_2)
FNDA:0,(anonymous_3)
DA:15,0
DA:22,0
DA:24,0
DA:25,0
DA:28,0
DA:39,0
DA:50,0
DA:55,0
LF:8
LH:0
BRDA:20,0,0,0
BRDA:24,1,0,0
BRDA:24,1,1,0
BRDA:30,2,0,0
BRDA:30,2,1,0
BRDA:33,3,0,0
BRDA:33,3,1,0
BRDA:42,4,0,0
BRDA:42,4,1,0
BRDA:46,5,0,0
BRDA:46,5,1,0
BRDA:55,6,0,0
BRDA:55,6,1,0
BRDA:57,7,0,0
BRDA:57,7,1,0
BRDA:70,8,0,0
BRDA:70,8,1,0
BRF:17
BRH:0
end_of_record
TN:
SF:src\components\ComparisonTable.tsx
FN:24,(anonymous_0)
FN:34,(anonymous_1)
FN:49,(anonymous_2)
FN:64,(anonymous_3)
FN:67,(anonymous_4)
FN:76,(anonymous_5)
FN:103,(anonymous_6)
FN:106,(anonymous_7)
FN:111,(anonymous_8)
FN:112,(anonymous_9)
FNF:10
FNH:0
FNDA:0,(anonymous_0)
FNDA:0,(anonymous_1)
FNDA:0,(anonymous_2)
FNDA:0,(anonymous_3)
FNDA:0,(anonymous_4)
FNDA:0,(anonymous_5)
FNDA:0,(anonymous_6)
FNDA:0,(anonymous_7)
FNDA:0,(anonymous_8)
FNDA:0,(anonymous_9)
DA:24,0
DA:31,0
DA:34,0
DA:35,0
DA:36,0
DA:39,0
DA:50,0
DA:65,0
DA:68,0
DA:69,0
DA:70,0
DA:72,0
DA:76,0
DA:105,0
DA:106,0
DA:111,0
DA:112,0
DA:114,0
DA:115,0
DA:117,0
LF:20
LH:0
BRDA:29,0,0,0
BRDA:54,1,0,0
BRDA:54,1,1,0
BRDA:65,2,0,0
BRDA:65,2,1,0
BRDA:75,3,0,0
BRDA:75,3,1,0
BRDA:76,4,0,0
BRDA:76,4,1,0
BRDA:76,4,2,0
BRDA:78,5,0,0
BRDA:78,5,1,0
BRDA:79,6,0,0
BRDA:79,6,1,0
BRDA:80,7,0,0
BRDA:80,7,1,0
BRDA:86,8,0,0
BRDA:86,8,1,0
BRDA:90,9,0,0
BRDA:90,9,1,0
BRDA:90,9,2,0
BRDA:101,10,0,0
BRDA:101,10,1,0
BRDA:122,11,0,0
BRDA:122,11,1,0
BRDA:124,12,0,0
BRDA:124,12,1,0
BRDA:137,13,0,0
BRDA:137,13,1,0
BRF:29
BRH:0
end_of_record
TN:
SF:src\components\ComparisonWidget.tsx
FN:6,(anonymous_0)
FN:77,(anonymous_1)
FN:87,(anonymous_2)
FN:104,(anonymous_3)
FNF:4
FNH:0
FNDA:0,(anonymous_0)
FNDA:0,(anonymous_1)
FNDA:0,(anonymous_2)
FNDA:0,(anonymous_3)
DA:6,0
DA:7,0
DA:15,0
DA:18,0
DA:19,0
DA:23,0
DA:24,0
DA:27,0
DA:28,0
DA:30,0
DA:78,0
DA:88,0
DA:104,0
LF:13
LH:0
BRDA:18,0,0,0
BRDA:18,0,1,0
BRDA:23,1,0,0
BRDA:23,1,1,0
BRDA:34,2,0,0
BRDA:34,2,1,0
BRDA:84,3,0,0
BRDA:84,3,1,0
BRDA:104,4,0,0
BRDA:104,4,1,0
BRDA:129,5,0,0
BRDA:129,5,1,0
BRDA:133,6,0,0
BRDA:133,6,1,0
BRDA:135,7,0,0
BRDA:135,7,1,0
BRF:16
BRH:0
end_of_record
TN:
SF:src\components\ContextAnalyticsDashboard.tsx
FN:9,(anonymous_0)
FN:18,(anonymous_1)
FN:22,(anonymous_2)
FN:32,(anonymous_3)
FN:33,(anonymous_4)
FN:36,(anonymous_5)
FN:53,(anonymous_6)
FN:198,(anonymous_7)
FN:216,(anonymous_8)
FN:249,(anonymous_9)
FN:269,(anonymous_10)
FNF:11
FNH:0
FNDA:0,(anonymous_0)
FNDA:0,(anonymous_1)
FNDA:0,(anonymous_2)
FNDA:0,(anonymous_3)
FNDA:0,(anonymous_4)
FNDA:0,(anonymous_5)
FNDA:0,(anonymous_6)
FNDA:0,(anonymous_7)
FNDA:0,(anonymous_8)
FNDA:0,(anonymous_9)
FNDA:0,(anonymous_10)
DA:9,0
DA:13,0
DA:14,0
DA:15,0
DA:16,0
DA:18,0
DA:19,0
DA:22,0
DA:23,0
DA:24,0
DA:25,0
DA:26,0
DA:28,0
DA:32,0
DA:33,0
DA:36,0
DA:37,0
DA:38,0
DA:39,0
DA:40,0
DA:41,0
DA:42,0
DA:43,0
DA:44,0
DA:45,0
DA:46,0
DA:47,0
DA:49,0
DA:53,0
DA:54,0
DA:55,0
DA:56,0
DA:60,0
DA:61,0
DA:68,0
DA:199,0
DA:217,0
DA:249,0
DA:250,0
DA:269,0
DA:270,0
LF:41
LH:0
BRDA:10,0,0,0
BRDA:54,1,0,0
BRDA:54,1,1,0
BRDA:60,2,0,0
BRDA:60,2,1,0
BRDA:60,3,0,0
BRDA:60,3,1,0
BRDA:60,3,2,0
BRDA:62,4,0,0
BRDA:62,4,1,0
BRDA:69,5,0,0
BRDA:69,5,1,0
BRDA:72,6,0,0
BRDA:72,6,1,0
BRDA:74,7,0,0
BRDA:74,7,1,0
BRDA:80,8,0,0
BRDA:80,8,1,0
BRDA:86,9,0,0
BRDA:86,9,1,0
BRDA:92,10,0,0
BRDA:92,10,1,0
BRDA:96,11,0,0
BRDA:96,11,1,0
BRDA:99,12,0,0
BRDA:99,12,1,0
BRDA:138,13,0,0
BRDA:138,13,1,0
BRDA:139,14,0,0
BRDA:139,14,1,0
BRDA:152,15,0,0
BRDA:152,15,1,0
BRDA:153,16,0,0
BRDA:153,16,1,0
BRDA:193,17,0,0
BRDA:193,17,1,0
BRDA:194,18,0,0
BRDA:194,18,1,0
BRDA:200,19,0,0
BRDA:200,19,1,0
BRDA:203,20,0,0
BRDA:203,20,1,0
BRDA:211,21,0,0
BRDA:211,21,1,0
BRDA:212,22,0,0
BRDA:212,22,1,0
BRDA:218,23,0,0
BRDA:218,23,1,0
BRDA:221,24,0,0
BRDA:221,24,1,0
BRDA:231,25,0,0
BRDA:231,25,1,0
BRDA:232,26,0,0
BRDA:232,26,1,0
BRDA:235,27,0,0
BRDA:235,27,1,0
BRDA:250,28,0,0
BRDA:250,28,1,0
BRDA:251,29,0,0
BRDA:251,29,1,0
BRDA:254,30,0,0
BRDA:254,30,1,0
BRDA:257,31,0,0
BRDA:257,31,1,0
BRDA:258,32,0,0
BRDA:258,32,1,0
BRDA:271,33,0,0
BRDA:271,33,1,0
BRDA:274,34,0,0
BRDA:274,34,1,0
BRF:70
BRH:0
end_of_record
TN:
SF:src\components\ContextIndicator.tsx
FN:12,(anonymous_0)
FN:31,(anonymous_1)
FN:54,(anonymous_2)
FN:55,(anonymous_3)
FN:86,(anonymous_4)
FNF:5
FNH:0
FNDA:0,(anonymous_0)
FNDA:0,(anonymous_1)
FNDA:0,(anonymous_2)
FNDA:0,(anonymous_3)
FNDA:0,(anonymous_4)
DA:12,0
DA:18,0
DA:20,0
DA:22,0
DA:24,0
DA:30,0
DA:31,0
DA:34,0
DA:36,0
DA:42,0
DA:48,0
DA:54,0
DA:55,0
DA:87,0
LF:14
LH:0
BRDA:16,0,0,0
BRDA:22,1,0,0
BRDA:22,1,1,0
BRDA:30,2,0,0
BRDA:30,2,1,0
BRDA:30,3,0,0
BRDA:30,3,1,0
BRDA:34,4,0,0
BRDA:34,4,1,0
BRDA:34,5,0,0
BRDA:34,5,1,0
BRDA:37,6,0,0
BRDA:37,6,1,0
BRDA:38,7,0,0
BRDA:38,7,1,0
BRDA:39,8,0,0
BRDA:39,8,1,0
BRDA:62,9,0,0
BRDA:62,9,1,0
BRDA:64,10,0,0
BRDA:64,10,1,0
BRDA:74,11,0,0
BRDA:74,11,1,0
BRDA:87,12,0,0
BRDA:87,12,1,0
BRDA:91,13,0,0
BRDA:91,13,1,0
BRDA:92,14,0,0
BRDA:92,14,1,0
BRDA:110,15,0,0
BRDA:110,15,1,0
BRDA:111,16,0,0
BRDA:111,16,1,0
BRDA:119,17,0,0
BRDA:119,17,1,0
BRF:35
BRH:0
end_of_record
TN:
SF:src\components\ContextualErrorHandler.tsx
FN:32,(anonymous_0)
FN:44,(anonymous_1)
FN:52,(anonymous_2)
FN:63,(anonymous_3)
FN:69,(anonymous_4)
FN:83,(anonymous_5)
FN:117,(anonymous_6)
FN:136,(anonymous_7)
FN:170,(anonymous_8)
FN:214,(anonymous_9)
FN:217,(anonymous_10)
FNF:11
FNH:11
FNDA:23,(anonymous_0)
FNDA:18,(anonymous_1)
FNDA:2,(anonymous_2)
FNDA:2,(anonymous_3)
FNDA:22,(anonymous_4)
FNDA:22,(anonymous_5)
FNDA:22,(anonymous_6)
FNDA:22,(anonymous_7)
FNDA:2,(anonymous_8)
FNDA:55,(anonymous_9)
FNDA:2,(anonymous_10)
DA:32,2
DA:40,23
DA:41,23
DA:44,23
DA:45,18
DA:46,1
DA:50,23
DA:52,22
DA:53,2
DA:55,2
DA:56,2
DA:57,2
DA:59,2
DA:63,22
DA:64,2
DA:65,2
DA:69,22
DA:70,22
DA:72,2
DA:74,1
DA:76,19
DA:79,0
DA:83,22
DA:84,22
DA:86,2
DA:93,1
DA:100,19
DA:108,0
DA:117,22
DA:118,22
DA:120,16
DA:122,1
DA:124,1
DA:126,1
DA:128,2
DA:130,1
DA:132,0
DA:136,22
DA:137,22
DA:139,16
DA:141,1
DA:143,1
DA:145,1
DA:147,2
DA:149,1
DA:151,0
DA:155,22
DA:157,22
DA:170,2
DA:215,55
DA:217,2
LF:51
LH:47
BRDA:37,0,0,17
BRDA:38,1,0,23
BRDA:45,2,0,1
BRDA:45,2,1,17
BRDA:50,3,0,1
BRDA:50,3,1,22
BRDA:53,4,0,0
BRDA:53,4,1,2
BRDA:53,5,0,2
BRDA:53,5,1,2
BRDA:64,6,0,2
BRDA:64,6,1,0
BRDA:70,7,0,2
BRDA:70,7,1,1
BRDA:70,7,2,19
BRDA:70,7,3,0
BRDA:70,7,4,0
BRDA:84,8,0,2
BRDA:84,8,1,1
BRDA:84,8,2,19
BRDA:84,8,3,0
BRDA:84,8,4,0
BRDA:118,9,0,16
BRDA:118,9,1,1
BRDA:118,9,2,1
BRDA:118,9,3,1
BRDA:118,9,4,2
BRDA:118,9,5,1
BRDA:118,9,6,0
BRDA:137,10,0,16
BRDA:137,10,1,1
BRDA:137,10,2,1
BRDA:137,10,3,1
BRDA:137,10,4,2
BRDA:137,10,5,1
BRDA:137,10,6,0
BRDA:168,11,0,22
BRDA:168,11,1,6
BRDA:173,12,0,3
BRDA:173,12,1,3
BRDA:186,13,0,22
BRDA:186,13,1,2
BRDA:208,14,0,22
BRDA:208,14,1,22
BRDA:229,15,0,22
BRDA:229,15,1,22
BRDA:229,15,2,4
BRDA:236,16,0,2
BRDA:236,16,1,2
BRDA:237,17,0,2
BRDA:237,17,1,2
BRDA:243,18,0,22
BRDA:243,18,1,3
BRDA:243,18,2,3
BRDA:246,19,0,3
BRDA:246,19,1,3
BRDA:255,20,0,3
BRDA:255,20,1,3
BRDA:264,21,0,3
BRDA:264,21,1,3
BRDA:264,21,2,3
BRDA:273,22,0,3
BRDA:273,22,1,0
BRF:63
BRH:54
end_of_record
TN:
SF:src\components\ContextualSuggestions.tsx
FN:28,(anonymous_0)
FN:46,(anonymous_1)
FN:48,(anonymous_2)
FN:51,(anonymous_3)
FN:56,(anonymous_4)
FN:62,(anonymous_5)
FN:68,(anonymous_6)
FN:107,(anonymous_7)
FN:111,(anonymous_8)
FN:115,(anonymous_9)
FN:130,(anonymous_10)
FN:145,(anonymous_11)
FN:166,(anonymous_12)
FN:171,(anonymous_13)
FN:173,(anonymous_14)
FN:235,(anonymous_15)
FN:242,(anonymous_16)
FN:258,(anonymous_17)
FN:261,(anonymous_18)
FNF:19
FNH:16
FNDA:4,(anonymous_0)
FNDA:4,(anonymous_1)
FNDA:0,(anonymous_2)
FNDA:2,(anonymous_3)
FNDA:4,(anonymous_4)
FNDA:12,(anonymous_5)
FNDA:16,(anonymous_6)
FNDA:1,(anonymous_7)
FNDA:0,(anonymous_8)
FNDA:6,(anonymous_9)
FNDA:6,(anonymous_10)
FNDA:6,(anonymous_11)
FNDA:2,(anonymous_12)
FNDA:3,(anonymous_13)
FNDA:12,(anonymous_14)
FNDA:8,(anonymous_15)
FNDA:0,(anonymous_16)
FNDA:4,(anonymous_17)
FNDA:1,(anonymous_18)
DA:28,1
DA:40,4
DA:43,4
DA:46,4
DA:47,4
DA:48,2
DA:49,0
DA:51,2
DA:56,4
DA:57,4
DA:58,4
DA:59,4
DA:60,4
DA:62,4
DA:63,12
DA:66,12
DA:69,16
DA:76,4
DA:79,8
DA:86,0
DA:89,8
DA:96,4
DA:100,4
DA:104,4
DA:107,4
DA:108,1
DA:111,4
DA:112,0
DA:115,4
DA:116,6
DA:118,2
DA:120,2
DA:122,0
DA:124,2
DA:126,0
DA:130,4
DA:131,6
DA:133,2
DA:135,2
DA:137,0
DA:139,2
DA:141,0
DA:145,4
DA:149,6
DA:163,6
DA:166,4
DA:167,2
DA:168,2
DA:171,4
DA:172,3
DA:173,12
DA:178,4
DA:179,1
DA:191,3
DA:192,1
DA:210,2
DA:236,8
DA:237,8
DA:239,6
DA:242,0
DA:259,4
DA:261,1
LF:62
LH:54
BRDA:31,0,0,4
BRDA:32,1,0,2
BRDA:34,2,0,4
BRDA:35,3,0,4
BRDA:36,4,0,3
BRDA:37,5,0,4
BRDA:47,6,0,2
BRDA:47,6,1,2
BRDA:47,7,0,4
BRDA:47,7,1,4
BRDA:47,7,2,2
BRDA:66,8,0,4
BRDA:66,8,1,8
BRDA:69,9,0,16
BRDA:69,9,1,16
BRDA:69,9,2,14
BRDA:69,9,3,14
BRDA:69,9,4,12
BRDA:79,10,0,0
BRDA:79,10,1,8
BRDA:80,11,0,8
BRDA:80,11,1,0
BRDA:80,11,2,0
BRDA:80,11,3,0
BRDA:80,11,4,0
BRDA:89,12,0,4
BRDA:89,12,1,4
BRDA:90,13,0,8
BRDA:90,13,1,6
BRDA:90,13,2,4
BRDA:90,13,3,4
BRDA:90,13,4,4
BRDA:116,14,0,2
BRDA:116,14,1,2
BRDA:116,14,2,0
BRDA:116,14,3,2
BRDA:116,14,4,0
BRDA:131,15,0,2
BRDA:131,15,1,2
BRDA:131,15,2,0
BRDA:131,15,3,2
BRDA:131,15,4,0
BRDA:150,16,0,2
BRDA:150,16,1,4
BRDA:153,17,0,2
BRDA:153,17,1,4
BRDA:156,18,0,2
BRDA:156,18,1,4
BRDA:159,19,0,2
BRDA:159,19,1,4
BRDA:178,20,0,1
BRDA:178,20,1,3
BRDA:191,21,0,1
BRDA:191,21,1,2
BRDA:229,22,0,2
BRDA:229,22,1,2
BRDA:237,23,0,2
BRDA:237,23,1,6
BRDA:277,24,0,2
BRDA:277,24,1,0
BRDA:287,25,0,2
BRDA:287,25,1,2
BRDA:293,26,0,2
BRDA:293,26,1,0
BRF:64
BRH:53
end_of_record
TN:
SF:src\components\DetailedSpecView.tsx
FN:22,(anonymous_0)
FN:30,(anonymous_1)
FN:49,(anonymous_2)
FN:57,(anonymous_3)
FN:65,(anonymous_4)
FN:81,(anonymous_5)
FN:98,(anonymous_6)
FN:110,(anonymous_7)
FN:111,(anonymous_8)
FN:113,(anonymous_9)
FN:143,(anonymous_10)
FN:157,(anonymous_11)
FN:170,(anonymous_12)
FN:172,(anonymous_13)
FN:177,(anonymous_14)
FN:221,(anonymous_15)
FN:224,(anonymous_16)
FN:242,(anonymous_17)
FN:244,(anonymous_18)
FN:259,(anonymous_19)
FN:274,(anonymous_20)
FNF:21
FNH:12
FNDA:11,(anonymous_0)
FNDA:2,(anonymous_1)
FNDA:1,(anonymous_2)
FNDA:1,(anonymous_3)
FNDA:1,(anonymous_4)
FNDA:0,(anonymous_5)
FNDA:0,(anonymous_6)
FNDA:0,(anonymous_7)
FNDA:0,(anonymous_8)
FNDA:0,(anonymous_9)
FNDA:0,(anonymous_10)
FNDA:0,(anonymous_11)
FNDA:0,(anonymous_12)
FNDA:0,(anonymous_13)
FNDA:8,(anonymous_14)
FNDA:6,(anonymous_15)
FNDA:1,(anonymous_16)
FNDA:99,(anonymous_17)
FNDA:536,(anonymous_18)
FNDA:2,(anonymous_19)
FNDA:15,(anonymous_20)
DA:22,1
DA:27,11
DA:28,11
DA:30,11
DA:31,2
DA:32,2
DA:33,0
DA:35,2
DA:37,2
DA:40,11
DA:49,1
DA:57,1
DA:65,1
DA:81,0
DA:98,0
DA:110,0
DA:111,0
DA:113,0
DA:143,0
DA:157,0
DA:170,0
DA:172,0
DA:177,11
DA:178,8
DA:179,0
DA:182,8
DA:183,3
DA:186,5
DA:187,2
DA:190,3
DA:193,11
DA:195,11
DA:222,6
DA:224,1
DA:243,99
DA:244,99
DA:245,536
DA:246,536
DA:249,99
DA:251,51
DA:259,2
DA:275,15
DA:276,15
DA:278,8
LF:44
LH:33
BRDA:32,0,0,0
BRDA:32,0,1,2
BRDA:49,1,0,1
BRDA:49,1,1,0
BRDA:57,2,0,1
BRDA:57,2,1,0
BRDA:65,3,0,1
BRDA:65,3,1,0
BRDA:81,4,0,0
BRDA:81,4,1,0
BRDA:98,5,0,0
BRDA:98,5,1,0
BRDA:110,6,0,0
BRDA:110,6,1,0
BRDA:111,7,0,0
BRDA:111,7,1,0
BRDA:113,8,0,0
BRDA:113,8,1,0
BRDA:143,9,0,0
BRDA:143,9,1,0
BRDA:157,10,0,0
BRDA:157,10,1,0
BRDA:170,11,0,0
BRDA:170,11,1,0
BRDA:172,12,0,0
BRDA:172,12,1,0
BRDA:178,13,0,0
BRDA:178,13,1,8
BRDA:178,14,0,8
BRDA:178,14,1,8
BRDA:178,14,2,8
BRDA:182,15,0,3
BRDA:182,15,1,5
BRDA:186,16,0,2
BRDA:186,16,1,3
BRDA:196,17,0,1
BRDA:196,17,1,10
BRDA:200,18,0,11
BRDA:200,18,1,11
BRDA:204,19,0,1
BRDA:204,19,1,10
BRDA:218,20,0,11
BRDA:218,20,1,3
BRDA:226,21,0,3
BRDA:226,21,1,3
BRDA:228,22,0,0
BRDA:228,22,1,3
BRDA:246,23,0,536
BRDA:246,23,1,536
BRDA:246,23,2,51
BRDA:249,24,0,48
BRDA:249,24,1,51
BRDA:255,25,0,5
BRDA:255,25,1,46
BRDA:261,26,0,5
BRDA:261,26,1,46
BRDA:268,27,0,2
BRDA:268,27,1,49
BRDA:271,28,0,51
BRDA:271,28,1,2
BRDA:272,29,0,0
BRDA:272,29,1,2
BRDA:276,30,0,7
BRDA:276,30,1,8
BRDA:276,31,0,15
BRDA:276,31,1,15
BRDA:276,31,2,8
BRDA:280,32,0,0
BRDA:280,32,1,8
BRDA:283,33,0,0
BRDA:283,33,1,8
BRDA:299,34,0,1
BRDA:299,34,1,10
BRDA:302,35,0,11
BRDA:302,35,1,11
BRF:75
BRH:48
end_of_record
TN:
SF:src\components\DrillDownOptions.tsx
FN:11,(anonymous_0)
FN:28,(anonymous_1)
FN:31,(anonymous_2)
FNF:3
FNH:3
FNDA:5,(anonymous_0)
FNDA:12,(anonymous_1)
FNDA:1,(anonymous_2)
DA:11,1
DA:17,5
DA:18,1
DA:21,4
DA:29,12
DA:31,1
LF:6
LH:6
BRDA:15,0,0,4
BRDA:17,1,0,1
BRDA:17,1,1,4
BRDA:17,2,0,5
BRDA:17,2,1,5
BRDA:23,3,0,0
BRDA:23,3,1,4
BRDA:30,4,0,12
BRDA:30,4,1,8
BRDA:36,5,0,0
BRDA:36,5,1,12
BRDA:40,6,0,3
BRDA:40,6,1,9
BRDA:42,7,0,0
BRDA:42,7,1,12
BRF:15
BRH:12
end_of_record
TN:
SF:src\components\EnhancedComparison.tsx
FN:33,(anonymous_0)
FN:47,(anonymous_1)
FN:74,(anonymous_2)
FN:85,(anonymous_3)
FN:86,(anonymous_4)
FN:94,(anonymous_5)
FN:96,(anonymous_6)
FN:98,(anonymous_7)
FN:127,(anonymous_8)
FN:145,(anonymous_9)
FN:148,(anonymous_10)
FN:163,(anonymous_11)
FN:170,(anonymous_12)
FN:172,(anonymous_13)
FN:183,(anonymous_14)
FN:220,(anonymous_15)
FN:304,(anonymous_16)
FN:321,(anonymous_17)
FN:333,(anonymous_18)
FN:334,(anonymous_19)
FN:353,(anonymous_20)
FN:367,(anonymous_21)
FN:395,(anonymous_22)
FN:458,(anonymous_23)
FN:478,(anonymous_24)
FN:500,(anonymous_25)
FN:527,(anonymous_26)
FN:529,(anonymous_27)
FNF:28
FNH:22
FNDA:25,(anonymous_0)
FNDA:11,(anonymous_1)
FNDA:11,(anonymous_2)
FNDA:11,(anonymous_3)
FNDA:33,(anonymous_4)
FNDA:66,(anonymous_5)
FNDA:66,(anonymous_6)
FNDA:66,(anonymous_7)
FNDA:185,(anonymous_8)
FNDA:11,(anonymous_9)
FNDA:33,(anonymous_10)
FNDA:1,(anonymous_11)
FNDA:0,(anonymous_12)
FNDA:0,(anonymous_13)
FNDA:0,(anonymous_14)
FNDA:0,(anonymous_15)
FNDA:75,(anonymous_16)
FNDA:50,(anonymous_17)
FNDA:1,(anonymous_18)
FNDA:1,(anonymous_19)
FNDA:1,(anonymous_20)
FNDA:150,(anonymous_21)
FNDA:0,(anonymous_22)
FNDA:1,(anonymous_23)
FNDA:0,(anonymous_24)
FNDA:50,(anonymous_25)
FNDA:2,(anonymous_26)
FNDA:6,(anonymous_27)
DA:33,1
DA:42,25
DA:43,25
DA:44,25
DA:47,25
DA:48,11
DA:50,0
DA:57,11
DA:58,11
DA:59,11
DA:64,11
DA:73,25
DA:74,11
DA:85,25
DA:86,11
DA:87,33
DA:93,33
DA:94,66
DA:96,66
DA:98,33
DA:99,66
DA:102,66
DA:103,66
DA:109,66
DA:112,66
DA:113,66
DA:117,66
DA:118,66
DA:122,33
DA:127,25
DA:128,185
DA:141,185
DA:145,25
DA:146,11
DA:148,11
DA:149,33
DA:150,33
DA:151,33
DA:153,33
DA:154,33
DA:160,11
DA:163,25
DA:164,1
DA:165,1
DA:166,1
DA:170,25
DA:171,0
DA:172,0
DA:173,0
DA:184,0
DA:185,0
DA:217,0
DA:220,25
DA:221,0
DA:224,0
DA:225,0
DA:228,0
DA:230,0
DA:232,0
DA:236,0
DA:253,0
DA:258,0
DA:262,25
DA:305,75
DA:322,50
DA:333,1
DA:334,1
DA:353,1
DA:368,150
DA:459,1
DA:460,1
DA:478,0
DA:501,50
DA:528,2
DA:529,6
DA:531,2
DA:532,2
LF:77
LH:60
BRDA:48,0,0,0
BRDA:48,0,1,11
BRDA:94,1,0,66
BRDA:94,1,1,66
BRDA:103,2,0,66
BRDA:103,2,1,0
BRDA:104,3,0,66
BRDA:104,3,1,66
BRDA:104,3,2,66
BRDA:114,4,0,66
BRDA:114,4,1,0
BRDA:114,5,0,66
BRDA:114,5,1,66
BRDA:141,6,0,185
BRDA:141,6,1,2
BRDA:153,7,0,33
BRDA:153,7,1,0
BRDA:153,8,0,33
BRDA:153,8,1,33
BRDA:153,8,2,33
BRDA:164,9,0,0
BRDA:164,9,1,1
BRDA:165,10,0,1
BRDA:165,10,1,0
BRDA:171,11,0,0
BRDA:171,11,1,0
BRDA:171,12,0,0
BRDA:171,12,1,0
BRDA:171,12,2,0
BRDA:176,13,0,0
BRDA:176,13,1,0
BRDA:199,14,0,0
BRDA:199,14,1,0
BRDA:207,15,0,0
BRDA:207,15,1,0
BRDA:224,16,0,0
BRDA:224,16,1,0
BRDA:224,17,0,0
BRDA:224,17,1,0
BRDA:224,17,2,0
BRDA:232,18,0,0
BRDA:232,18,1,0
BRDA:232,19,0,0
BRDA:232,19,1,0
BRDA:243,20,0,0
BRDA:243,20,1,0
BRDA:267,21,0,2
BRDA:267,21,1,23
BRDA:274,22,0,2
BRDA:274,22,1,23
BRDA:281,23,0,2
BRDA:281,23,1,23
BRDA:290,24,0,25
BRDA:290,24,1,25
BRDA:293,25,0,2
BRDA:293,25,1,23
BRDA:298,26,0,2
BRDA:298,26,1,23
BRDA:308,27,0,6
BRDA:308,27,1,69
BRDA:325,28,0,1
BRDA:325,28,1,49
BRDA:326,29,0,0
BRDA:326,29,1,1
BRDA:329,30,0,4
BRDA:329,30,1,45
BRDA:346,31,0,4
BRDA:346,31,1,46
BRDA:351,32,0,50
BRDA:351,32,1,12
BRDA:353,33,0,1
BRDA:353,33,1,0
BRDA:355,34,0,0
BRDA:355,34,1,12
BRDA:373,35,0,12
BRDA:373,35,1,138
BRDA:388,36,0,25
BRDA:388,36,1,4
BRDA:388,36,2,4
BRDA:391,37,0,0
BRDA:391,37,1,4
BRDA:401,38,0,0
BRDA:401,38,1,4
BRDA:404,39,0,0
BRDA:404,39,1,4
BRDA:415,40,0,2
BRDA:415,40,1,23
BRDA:427,41,0,0
BRDA:427,41,1,25
BRDA:427,42,0,0
BRDA:427,42,1,25
BRDA:429,43,0,0
BRDA:429,43,1,25
BRDA:434,44,0,0
BRDA:434,44,1,0
BRDA:441,45,0,0
BRDA:441,45,1,25
BRDA:451,46,0,0
BRDA:451,46,1,25
BRDA:452,47,0,0
BRDA:452,47,1,25
BRDA:453,48,0,0
BRDA:453,48,1,25
BRDA:459,49,0,1
BRDA:459,49,1,0
BRDA:459,50,0,1
BRDA:459,50,1,1
BRDA:467,51,0,0
BRDA:467,51,1,25
BRDA:468,52,0,2
BRDA:468,52,1,23
BRDA:471,53,0,0
BRDA:471,53,1,25
BRDA:472,54,0,0
BRDA:472,54,1,25
BRDA:480,55,0,0
BRDA:480,55,1,25
BRDA:481,56,0,2
BRDA:481,56,1,23
BRDA:484,57,0,0
BRDA:484,57,1,25
BRDA:488,58,0,0
BRDA:488,58,1,25
BRDA:491,59,0,25
BRDA:491,59,1,25
BRDA:507,60,0,25
BRDA:507,60,1,25
BRDA:519,61,0,25
BRDA:519,61,1,1
BRDA:522,62,0,0
BRDA:522,62,1,1
BRDA:536,63,0,0
BRDA:536,63,1,2
BRDA:551,64,0,2
BRDA:551,64,1,2
BRDA:562,65,0,25
BRDA:562,65,1,25
BRDA:565,66,0,2
BRDA:565,66,1,23
BRDA:572,67,0,2
BRDA:572,67,1,23
BRDA:578,68,0,2
BRDA:578,68,1,23
BRF:143
BRH:91
end_of_record
TN:
SF:src\components\EnhancedContextIndicator.tsx
FN:31,(anonymous_0)
FN:53,(anonymous_1)
FN:74,(anonymous_2)
FN:85,(anonymous_3)
FN:92,(anonymous_4)
FN:95,(anonymous_5)
FN:95,(anonymous_6)
FN:96,(anonymous_7)
FN:102,(anonymous_8)
FN:102,(anonymous_9)
FN:103,(anonymous_10)
FN:103,(anonymous_11)
FN:104,(anonymous_12)
FN:112,(anonymous_13)
FN:121,(anonymous_14)
FN:131,(anonymous_15)
FN:142,(anonymous_16)
FN:156,(anonymous_17)
FN:163,(anonymous_18)
FN:220,(anonymous_19)
FNF:20
FNH:5
FNDA:11,(anonymous_0)
FNDA:0,(anonymous_1)
FNDA:7,(anonymous_2)
FNDA:7,(anonymous_3)
FNDA:7,(anonymous_4)
FNDA:0,(anonymous_5)
FNDA:0,(anonymous_6)
FNDA:0,(anonymous_7)
FNDA:0,(anonymous_8)
FNDA:0,(anonymous_9)
FNDA:0,(anonymous_10)
FNDA:0,(anonymous_11)
FNDA:0,(anonymous_12)
FNDA:4,(anonymous_13)
FNDA:0,(anonymous_14)
FNDA:0,(anonymous_15)
FNDA:0,(anonymous_16)
FNDA:0,(anonymous_17)
FNDA:0,(anonymous_18)
FNDA:0,(anonymous_19)
DA:31,1
DA:40,11
DA:41,11
DA:42,11
DA:43,11
DA:50,11
DA:53,11
DA:54,0
DA:56,0
DA:57,0
DA:58,0
DA:59,0
DA:67,0
DA:69,0
DA:74,11
DA:75,7
DA:76,7
DA:85,11
DA:86,7
DA:87,0
DA:92,11
DA:93,7
DA:95,4
DA:96,4
DA:97,0
DA:98,0
DA:99,0
DA:102,4
DA:103,4
DA:104,4
DA:106,4
DA:107,4
DA:108,4
DA:109,4
DA:110,4
DA:112,4
DA:113,4
DA:114,4
DA:115,4
DA:116,4
DA:117,4
DA:121,11
DA:122,0
DA:123,0
DA:124,0
DA:125,0
DA:126,0
DA:127,0
DA:131,11
DA:132,0
DA:133,0
DA:134,0
DA:135,0
DA:138,0
DA:142,11
DA:143,0
DA:144,0
DA:145,0
DA:146,0
DA:148,0
DA:149,0
DA:150,0
DA:151,0
DA:152,0
DA:153,0
DA:156,11
DA:157,0
DA:158,0
DA:159,0
DA:160,0
DA:163,11
DA:164,0
DA:165,0
DA:166,0
DA:167,0
DA:170,11
DA:171,0
DA:174,11
DA:220,0
LF:79
LH:37
BRDA:36,0,0,11
BRDA:37,1,0,4
BRDA:54,2,0,0
BRDA:54,2,1,0
BRDA:86,3,0,0
BRDA:86,3,1,7
BRDA:86,4,0,7
BRDA:86,4,1,7
BRDA:86,4,2,0
BRDA:98,5,0,0
BRDA:98,5,1,0
BRDA:122,6,0,0
BRDA:122,6,1,0
BRDA:134,7,0,0
BRDA:134,7,1,0
BRDA:148,8,0,0
BRDA:148,8,1,0
BRDA:149,9,0,0
BRDA:149,9,1,0
BRDA:151,10,0,0
BRDA:151,10,1,0
BRDA:157,11,0,0
BRDA:157,11,1,0
BRDA:158,12,0,0
BRDA:158,12,1,0
BRDA:159,13,0,0
BRDA:159,13,1,0
BRDA:164,14,0,0
BRDA:164,14,1,0
BRDA:165,15,0,0
BRDA:165,15,1,0
BRDA:166,16,0,0
BRDA:166,16,1,0
BRDA:170,17,0,0
BRDA:170,17,1,11
BRDA:170,18,0,11
BRDA:170,18,1,11
BRDA:185,19,0,11
BRDA:185,19,1,0
BRDA:190,20,0,11
BRDA:190,20,1,11
BRDA:192,21,0,1
BRDA:192,21,1,10
BRDA:194,22,0,9
BRDA:194,22,1,1
BRDA:199,23,0,11
BRDA:199,23,1,2
BRDA:208,24,0,11
BRDA:208,24,1,11
BRDA:208,24,2,2
BRDA:218,25,0,11
BRDA:218,25,1,0
BRDA:224,26,0,0
BRDA:224,26,1,0
BRDA:227,27,0,11
BRDA:227,27,1,1
BRDA:242,28,0,11
BRDA:242,28,1,0
BRDA:249,29,0,11
BRDA:249,29,1,0
BRDA:249,29,2,0
BRDA:262,30,0,0
BRDA:262,30,1,0
BRDA:262,30,2,0
BRDA:266,31,0,0
BRDA:266,31,1,0
BRDA:269,32,0,0
BRDA:269,32,1,0
BRDA:269,32,2,0
BRDA:272,33,0,0
BRDA:272,33,1,0
BRDA:272,33,2,0
BRDA:280,34,0,0
BRDA:280,34,1,0
BRDA:286,35,0,0
BRDA:286,35,1,0
BRDA:288,36,0,0
BRDA:288,36,1,0
BRDA:295,37,0,0
BRDA:295,37,1,0
BRDA:313,38,0,11
BRDA:313,38,1,0
BRF:82
BRH:26
end_of_record
TN:
SF:src\components\ErrorBoundary.tsx
FN:19,(anonymous_0)
FN:27,(anonymous_1)
FN:32,(anonymous_2)
FN:42,(anonymous_3)
FN:46,(anonymous_4)
FNF:5
FNH:2
FNDA:8,(anonymous_0)
FNDA:0,(anonymous_1)
FNDA:0,(anonymous_2)
FNDA:0,(anonymous_3)
FNDA:10,(anonymous_4)
DA:20,8
DA:21,8
DA:29,0
DA:34,0
DA:37,0
DA:38,0
DA:42,8
DA:43,0
DA:47,10
DA:49,0
DA:50,0
DA:52,0
DA:55,0
DA:60,0
DA:76,10
LF:15
LH:5
BRDA:37,0,0,0
BRDA:37,0,1,0
BRDA:47,1,0,0
BRDA:47,1,1,10
BRDA:49,2,0,0
BRDA:49,2,1,0
BRDA:50,3,0,0
BRDA:50,3,1,0
BRDA:50,4,0,0
BRDA:50,4,1,0
BRDA:64,5,0,0
BRDA:64,5,1,0
BRF:12
BRH:1
end_of_record
TN:
SF:src\components\FeatureDetailView.tsx
FN:26,(anonymous_0)
FN:39,(anonymous_1)
FN:47,(anonymous_2)
FN:49,(anonymous_3)
FN:51,(anonymous_4)
FN:52,(anonymous_5)
FN:53,(anonymous_6)
FN:82,(anonymous_7)
FN:84,(anonymous_8)
FN:86,(anonymous_9)
FN:87,(anonymous_10)
FN:88,(anonymous_11)
FN:113,(anonymous_12)
FN:114,(anonymous_13)
FN:116,(anonymous_14)
FN:118,(anonymous_15)
FN:120,(anonymous_16)
FN:121,(anonymous_17)
FN:122,(anonymous_18)
FN:149,(anonymous_19)
FN:151,(anonymous_20)
FN:153,(anonymous_21)
FN:154,(anonymous_22)
FN:155,(anonymous_23)
FN:180,(anonymous_24)
FN:196,(anonymous_25)
FN:247,(anonymous_26)
FN:265,(anonymous_27)
FN:283,(anonymous_28)
FN:284,(anonymous_29)
FN:299,(anonymous_30)
FNF:31
FNH:0
FNDA:0,(anonymous_0)
FNDA:0,(anonymous_1)
FNDA:0,(anonymous_2)
FNDA:0,(anonymous_3)
FNDA:0,(anonymous_4)
FNDA:0,(anonymous_5)
FNDA:0,(anonymous_6)
FNDA:0,(anonymous_7)
FNDA:0,(anonymous_8)
FNDA:0,(anonymous_9)
FNDA:0,(anonymous_10)
FNDA:0,(anonymous_11)
FNDA:0,(anonymous_12)
FNDA:0,(anonymous_13)
FNDA:0,(anonymous_14)
FNDA:0,(anonymous_15)
FNDA:0,(anonymous_16)
FNDA:0,(anonymous_17)
FNDA:0,(anonymous_18)
FNDA:0,(anonymous_19)
FNDA:0,(anonymous_20)
FNDA:0,(anonymous_21)
FNDA:0,(anonymous_22)
FNDA:0,(anonymous_23)
FNDA:0,(anonymous_24)
FNDA:0,(anonymous_25)
FNDA:0,(anonymous_26)
FNDA:0,(anonymous_27)
FNDA:0,(anonymous_28)
FNDA:0,(anonymous_29)
FNDA:0,(anonymous_30)
DA:26,0
DA:32,0
DA:39,0
DA:47,0
DA:50,0
DA:51,0
DA:52,0
DA:53,0
DA:55,0
DA:56,0
DA:58,0
DA:59,0
DA:61,0
DA:62,0
DA:65,0
DA:82,0
DA:85,0
DA:86,0
DA:87,0
DA:88,0
DA:90,0
DA:91,0
DA:93,0
DA:94,0
DA:96,0
DA:97,0
DA:100,0
DA:113,0
DA:114,0
DA:116,0
DA:119,0
DA:120,0
DA:121,0
DA:122,0
DA:124,0
DA:125,0
DA:127,0
DA:128,0
DA:130,0
DA:131,0
DA:134,0
DA:149,0
DA:152,0
DA:153,0
DA:154,0
DA:155,0
DA:162,0
DA:163,0
DA:165,0
DA:166,0
DA:168,0
DA:169,0
DA:172,0
DA:177,0
DA:178,0
DA:180,0
DA:181,0
DA:182,0
DA:185,0
DA:186,0
DA:189,0
DA:190,0
DA:193,0
DA:196,0
DA:197,0
DA:199,0
DA:201,0
DA:203,0
DA:205,0
DA:209,0
DA:248,0
DA:266,0
DA:284,0
DA:285,0
DA:286,0
DA:289,0
DA:291,0
DA:300,0
LF:78
LH:0
BRDA:39,0,0,0
BRDA:39,0,1,0
BRDA:47,1,0,0
BRDA:47,1,1,0
BRDA:51,2,0,0
BRDA:51,2,1,0
BRDA:52,3,0,0
BRDA:52,3,1,0
BRDA:53,4,0,0
BRDA:53,4,1,0
BRDA:55,5,0,0
BRDA:55,5,1,0
BRDA:58,6,0,0
BRDA:58,6,1,0
BRDA:61,7,0,0
BRDA:61,7,1,0
BRDA:82,8,0,0
BRDA:82,8,1,0
BRDA:86,9,0,0
BRDA:86,9,1,0
BRDA:88,10,0,0
BRDA:88,10,1,0
BRDA:90,11,0,0
BRDA:90,11,1,0
BRDA:93,12,0,0
BRDA:93,12,1,0
BRDA:96,13,0,0
BRDA:96,13,1,0
BRDA:113,14,0,0
BRDA:113,14,1,0
BRDA:114,15,0,0
BRDA:114,15,1,0
BRDA:116,16,0,0
BRDA:116,16,1,0
BRDA:120,17,0,0
BRDA:120,17,1,0
BRDA:124,18,0,0
BRDA:124,18,1,0
BRDA:127,19,0,0
BRDA:127,19,1,0
BRDA:130,20,0,0
BRDA:130,20,1,0
BRDA:149,21,0,0
BRDA:149,21,1,0
BRDA:153,22,0,0
BRDA:153,22,1,0
BRDA:154,23,0,0
BRDA:154,23,1,0
BRDA:155,24,0,0
BRDA:155,24,1,0
BRDA:155,24,2,0
BRDA:155,24,3,0
BRDA:155,24,4,0
BRDA:162,25,0,0
BRDA:162,25,1,0
BRDA:165,26,0,0
BRDA:165,26,1,0
BRDA:168,27,0,0
BRDA:168,27,1,0
BRDA:177,28,0,0
BRDA:177,28,1,0
BRDA:181,29,0,0
BRDA:181,29,1,0
BRDA:181,30,0,0
BRDA:181,30,1,0
BRDA:181,30,2,0
BRDA:185,31,0,0
BRDA:185,31,1,0
BRDA:189,32,0,0
BRDA:189,32,1,0
BRDA:197,33,0,0
BRDA:197,33,1,0
BRDA:197,33,2,0
BRDA:197,33,3,0
BRDA:199,34,0,0
BRDA:199,34,1,0
BRDA:201,35,0,0
BRDA:201,35,1,0
BRDA:203,36,0,0
BRDA:203,36,1,0
BRDA:205,37,0,0
BRDA:205,37,1,0
BRDA:210,38,0,0
BRDA:210,38,1,0
BRDA:214,39,0,0
BRDA:214,39,1,0
BRDA:218,40,0,0
BRDA:218,40,1,0
BRDA:232,41,0,0
BRDA:232,41,1,0
BRDA:240,42,0,0
BRDA:240,42,1,0
BRDA:241,43,0,0
BRDA:241,43,1,0
BRDA:248,44,0,0
BRDA:248,44,1,0
BRDA:257,45,0,0
BRDA:257,45,1,0
BRDA:260,46,0,0
BRDA:260,46,1,0
BRDA:262,47,0,0
BRDA:262,47,1,0
BRDA:266,48,0,0
BRDA:266,48,1,0
BRDA:269,49,0,0
BRDA:269,49,1,0
BRDA:286,50,0,0
BRDA:286,50,1,0
BRDA:286,50,2,0
BRDA:289,51,0,0
BRDA:289,51,1,0
BRDA:292,52,0,0
BRDA:292,52,1,0
BRDA:293,53,0,0
BRDA:293,53,1,0
BRDA:296,54,0,0
[...]
BRDA:110,2,1,0
BRDA:112,3,0,0
BRDA:112,3,1,0
BRDA:118,4,0,0
BRDA:118,4,1,0
BRDA:134,5,0,0
BRDA:137,6,0,0
BRDA:137,6,1,0
BRDA:159,7,0,0
BRDA:159,7,1,0
BRDA:165,8,0,0
BRDA:165,8,1,0
BRDA:166,9,0,0
BRDA:166,9,1,0
BRDA:167,10,0,0
BRDA:167,10,1,0
BRDA:172,11,0,0
BRDA:172,11,1,0
BRDA:179,12,0,0
BRDA:179,12,1,0
BRDA:182,13,0,0
BRDA:182,13,1,0
BRDA:183,14,0,0
BRDA:183,14,1,0
BRDA:187,15,0,0
BRDA:187,15,1,0
BRF:30
BRH:0
end_of_record
TN:
SF:src\utils\exportUtils.ts
FN:10,generateComparisonPDF
FN:14,(anonymous_1)
FN:29,(anonymous_2)
FN:30,(anonymous_3)
FN:46,generateCompactPrintableHTML
FN:429,(anonymous_5)
FN:469,generateComparisonChart
FN:505,(anonymous_7)
FN:506,(anonymous_8)
FN:511,(anonymous_9)
FN:525,(anonymous_10)
FN:538,(anonymous_11)
FN:545,(anonymous_12)
FN:561,(anonymous_13)
FN:567,(anonymous_14)
FN:588,generateCompactComparisonTable
FN:594,(anonymous_16)
FN:603,(anonymous_17)
FN:609,(anonymous_18)
FN:620,(anonymous_19)
FN:625,(anonymous_20)
FN:635,(anonymous_21)
FN:640,(anonymous_22)
FN:650,(anonymous_23)
FN:660,(anonymous_24)
FN:665,(anonymous_25)
FN:674,(anonymous_26)
FN:676,(anonymous_27)
FN:677,(anonymous_28)
FN:684,(anonymous_29)
FN:714,formatVerdictForPDF
FN:715,(anonymous_31)
FN:718,(anonymous_32)
FN:741,(anonymous_33)
FN:744,(anonymous_34)
FN:760,generateShareableUrl
FN:768,copyToClipboard
FN:793,shareComparison
FN:802,(anonymous_38)
FN:828,saveComparisonToHistory
FN:832,(anonymous_40)
FN:833,(anonymous_41)
FN:835,(anonymous_42)
FN:841,(anonymous_43)
FN:855,getComparisonHistory
FN:862,(anonymous_45)
FN:872,clearComparisonHistory
FN:880,arraysEqual
FN:882,(anonymous_48)
FN:888,getBestValueIndex
FN:889,(anonymous_50)
FN:892,(anonymous_51)
FN:895,(anonymous_52)
FN:898,(anonymous_53)
FN:902,(anonymous_54)
FNF:55
FNH:0
FNDA:0,generateComparisonPDF
FNDA:0,(anonymous_1)
FNDA:0,(anonymous_2)
FNDA:0,(anonymous_3)
FNDA:0,generateCompactPrintableHTML
FNDA:0,(anonymous_5)
FNDA:0,generateComparisonChart
FNDA:0,(anonymous_7)
FNDA:0,(anonymous_8)
FNDA:0,(anonymous_9)
FNDA:0,(anonymous_10)
FNDA:0,(anonymous_11)
FNDA:0,(anonymous_12)
FNDA:0,(anonymous_13)
FNDA:0,(anonymous_14)
FNDA:0,generateCompactComparisonTable
FNDA:0,(anonymous_16)
FNDA:0,(anonymous_17)
FNDA:0,(anonymous_18)
FNDA:0,(anonymous_19)
FNDA:0,(anonymous_20)
FNDA:0,(anonymous_21)
FNDA:0,(anonymous_22)
FNDA:0,(anonymous_23)
FNDA:0,(anonymous_24)
FNDA:0,(anonymous_25)
FNDA:0,(anonymous_26)
FNDA:0,(anonymous_27)
FNDA:0,(anonymous_28)
FNDA:0,(anonymous_29)
FNDA:0,formatVerdictForPDF
FNDA:0,(anonymous_31)
FNDA:0,(anonymous_32)
FNDA:0,(anonymous_33)
FNDA:0,(anonymous_34)
FNDA:0,generateShareableUrl
FNDA:0,copyToClipboard
FNDA:0,shareComparison
FNDA:0,(anonymous_38)
FNDA:0,saveComparisonToHistory
FNDA:0,(anonymous_40)
FNDA:0,(anonymous_41)
FNDA:0,(anonymous_42)
FNDA:0,(anonymous_43)
FNDA:0,getComparisonHistory
FNDA:0,(anonymous_45)
FNDA:0,clearComparisonHistory
FNDA:0,arraysEqual
FNDA:0,(anonymous_48)
FNDA:0,getBestValueIndex
FNDA:0,(anonymous_50)
FNDA:0,(anonymous_51)
FNDA:0,(anonymous_52)
FNDA:0,(anonymous_53)
FNDA:0,(anonymous_54)
DA:14,0
DA:15,0
DA:16,0
DA:18,0
DA:19,0
DA:24,0
DA:26,0
DA:27,0
DA:29,0
DA:30,0
DA:31,0
DA:32,0
DA:33,0
DA:37,0
DA:38,0
DA:51,0
DA:54,0
DA:57,0
DA:72,0
DA:429,0
DA:470,0
DA:504,0
DA:506,0
DA:507,0
DA:509,0
DA:511,0
DA:512,0
DA:514,0
DA:515,0
DA:521,0
DA:524,0
DA:526,0
DA:527,0
DA:528,0
DA:530,0
DA:538,0
DA:540,0
DA:546,0
DA:553,0
DA:555,0
DA:561,0
DA:567,0
DA:589,0
DA:594,0
DA:603,0
DA:609,0
DA:620,0
DA:625,0
DA:635,0
DA:640,0
DA:650,0
DA:657,0
DA:660,0
DA:664,0
DA:666,0
DA:672,0
DA:676,0
DA:677,0
DA:678,0
DA:680,0
DA:685,0
DA:686,0
DA:689,0
DA:690,0
DA:699,0
DA:703,0
DA:715,0
DA:717,0
DA:719,0
DA:722,0
DA:723,0
DA:724,0
DA:728,0
DA:729,0
DA:733,0
DA:734,0
DA:738,0
DA:739,0
DA:741,0
DA:743,0
DA:744,0
DA:749,0
DA:754,0
DA:764,0
DA:765,0
DA:769,0
DA:770,0
DA:771,0
DA:772,0
DA:774,0
DA:775,0
DA:776,0
DA:777,0
DA:778,0
DA:779,0
DA:780,0
DA:781,0
DA:783,0
DA:784,0
DA:785,0
DA:788,0
DA:789,0
DA:797,0
DA:798,0
DA:801,0
DA:802,0
DA:804,0
DA:810,0
DA:812,0
DA:813,0
DA:825,0
DA:826,0
DA:829,0
DA:830,0
DA:832,0
DA:833,0
DA:835,0
DA:838,0
DA:840,0
DA:841,0
DA:844,0
DA:849,0
DA:851,0
DA:856,0
DA:857,0
DA:858,0
DA:860,0
DA:862,0
DA:867,0
DA:868,0
DA:873,0
DA:874,0
DA:876,0
DA:881,0
DA:882,0
DA:889,0
DA:892,0
DA:894,0
DA:895,0
DA:896,0
DA:897,0
DA:898,0
DA:901,0
DA:902,0
LF:144
LH:0
BRDA:18,0,0,0
BRDA:18,0,1,0
BRDA:57,1,0,0
BRDA:57,1,1,0
BRDA:431,2,0,0
BRDA:431,2,1,0
BRDA:435,3,0,0
BRDA:435,3,1,0
BRDA:436,4,0,0
BRDA:436,4,1,0
BRDA:437,5,0,0
BRDA:437,5,1,0
BRDA:438,6,0,0
BRDA:438,6,1,0
BRDA:506,7,0,0
BRDA:506,7,1,0
BRDA:509,8,0,0
BRDA:509,8,1,0
BRDA:512,9,0,0
BRDA:512,9,1,0
BRDA:535,10,0,0
BRDA:535,10,1,0
BRDA:546,11,0,0
BRDA:546,11,1,0
BRDA:553,12,0,0
BRDA:553,12,1,0
BRDA:569,13,0,0
BRDA:569,13,1,0
BRDA:603,14,0,0
BRDA:603,14,1,0
BRDA:609,15,0,0
BRDA:609,15,1,0
BRDA:620,16,0,0
BRDA:620,16,1,0
BRDA:625,17,0,0
BRDA:625,17,1,0
BRDA:635,18,0,0
BRDA:635,18,1,0
BRDA:640,19,0,0
BRDA:640,19,1,0
BRDA:650,20,0,0
BRDA:650,20,1,0
BRDA:677,21,0,0
BRDA:677,21,1,0
BRDA:686,22,0,0
BRDA:686,22,1,0
BRDA:688,23,0,0
BRDA:688,23,1,0
BRDA:689,24,0,0
BRDA:689,24,1,0
BRDA:689,24,2,0
BRDA:690,25,0,0
BRDA:690,25,1,0
BRDA:722,26,0,0
BRDA:722,26,1,0
BRDA:722,27,0,0
BRDA:722,27,1,0
BRDA:728,28,0,0
BRDA:728,28,1,0
BRDA:733,29,0,0
BRDA:733,29,1,0
BRDA:738,30,0,0
BRDA:738,30,1,0
BRDA:762,31,0,0
BRDA:770,32,0,0
BRDA:770,32,1,0
BRDA:770,33,0,0
BRDA:770,33,1,0
BRDA:797,34,0,0
BRDA:797,34,1,0
BRDA:858,35,0,0
BRDA:858,35,1,0
BRDA:881,36,0,0
BRDA:881,36,1,0
BRDA:889,37,0,0
BRDA:889,37,1,0
BRDA:894,38,0,0
BRDA:894,38,1,0
BRDA:896,39,0,0
BRDA:896,39,1,0
BRDA:898,40,0,0
BRDA:898,40,1,0
BRF:82
BRH:0
end_of_record
TN:
SF:src\utils\featureFlags.ts
FN:28,(anonymous_0)
FN:45,(anonymous_1)
FN:58,(anonymous_2)
FN:65,(anonymous_3)
FN:72,(anonymous_4)
FN:79,(anonymous_5)
FN:86,(anonymous_6)
FN:93,(anonymous_7)
FN:106,(anonymous_8)
FN:150,(anonymous_9)
FN:156,(anonymous_10)
FN:166,(anonymous_11)
FN:178,(anonymous_12)
FN:181,(anonymous_13)
FN:184,(anonymous_14)
FN:187,(anonymous_15)
FNF:16
FNH:12
FNDA:30,(anonymous_0)
FNDA:7,(anonymous_1)
FNDA:18,(anonymous_2)
FNDA:2,(anonymous_3)
FNDA:2,(anonymous_4)
FNDA:3,(anonymous_5)
FNDA:1,(anonymous_6)
FNDA:7,(anonymous_7)
FNDA:3,(anonymous_8)
FNDA:0,(anonymous_9)
FNDA:0,(anonymous_10)
FNDA:0,(anonymous_11)
FNDA:4,(anonymous_12)
FNDA:1,(anonymous_13)
FNDA:1,(anonymous_14)
FNDA:0,(anonymous_15)
DA:14,4
DA:15,4
DA:29,30
DA:30,30
DA:31,30
DA:32,13
DA:33,13
DA:36,0
DA:39,17
DA:46,7
DA:47,7
DA:48,7
DA:49,7
DA:51,0
DA:59,18
DA:66,2
DA:73,2
DA:80,3
DA:91,1
DA:92,1
DA:93,7
DA:94,1
DA:96,1
DA:107,3
DA:109,1
DA:118,1
DA:121,1
DA:130,1
DA:133,1
DA:142,1
DA:150,4
DA:154,0
DA:156,0
DA:157,0
DA:158,0
DA:160,0
DA:163,0
DA:166,0
DA:167,0
DA:170,0
DA:178,4
DA:179,4
DA:181,4
DA:182,1
DA:184,4
DA:185,1
DA:187,4
DA:188,0
DA:189,0
DA:190,0
DA:192,0
DA:194,0
LF:52
LH:36
BRDA:31,0,0,13
BRDA:31,0,1,17
BRDA:107,1,0,1
BRDA:107,1,1,1
BRDA:107,1,2,1
BRDA:157,2,0,0
BRDA:157,2,1,0
BRDA:189,3,0,0
BRDA:189,3,1,0
BRF:9
BRH:5
end_of_record
TN:
SF:src\utils\mobileUtils.ts
FN:20,(anonymous_0)
FN:27,(anonymous_1)
FN:34,(anonymous_2)
FN:41,(anonymous_3)
FN:51,(anonymous_4)
FN:73,(anonymous_5)
FN:114,(anonymous_6)
FN:152,(anonymous_7)
FN:181,(anonymous_8)
FN:186,(anonymous_9)
FN:188,(anonymous_10)
FN:195,(anonymous_11)
FN:200,(anonymous_12)
FN:204,(anonymous_13)
FN:212,(anonymous_14)
FN:226,(anonymous_15)
FN:229,(anonymous_16)
FN:241,(anonymous_17)
FN:258,(anonymous_18)
FN:270,(anonymous_19)
FN:271,(anonymous_20)
FN:280,(anonymous_21)
FN:289,(anonymous_22)
FN:304,(anonymous_23)
FN:317,(anonymous_24)
FNF:25
FNH:5
FNDA:36,(anonymous_0)
FNDA:18,(anonymous_1)
FNDA:17,(anonymous_2)
FNDA:0,(anonymous_3)
FNDA:0,(anonymous_4)
FNDA:0,(anonymous_5)
FNDA:18,(anonymous_6)
FNDA:0,(anonymous_7)
FNDA:17,(anonymous_8)
FNDA:0,(anonymous_9)
FNDA:0,(anonymous_10)
FNDA:0,(anonymous_11)
FNDA:0,(anonymous_12)
FNDA:0,(anonymous_13)
FNDA:0,(anonymous_14)
FNDA:0,(anonymous_15)
FNDA:0,(anonymous_16)
FNDA:0,(anonymous_17)
FNDA:0,(anonymous_18)
FNDA:0,(anonymous_19)
FNDA:0,(anonymous_20)
FNDA:0,(anonymous_21)
FNDA:0,(anonymous_22)
FNDA:0,(anonymous_23)
FNDA:0,(anonymous_24)
DA:21,36
DA:28,18
DA:35,17
DA:42,0
DA:43,0
DA:45,0
DA:56,0
DA:57,0
DA:63,0
DA:78,0
DA:79,0
DA:80,0
DA:82,0
DA:85,0
DA:86,0
DA:87,0
DA:89,0
DA:93,0
DA:104,0
DA:105,0
DA:108,0
DA:124,18
DA:125,0
DA:137,18
DA:159,0
DA:160,0
DA:169,0
DA:186,17
DA:187,0
DA:188,0
DA:200,0
DA:201,0
DA:202,0
DA:203,0
DA:204,0
DA:213,0
DA:214,0
DA:219,0
DA:227,0
DA:229,0
DA:230,0
DA:231,0
DA:232,0
DA:234,0
DA:247,0
DA:260,0
DA:263,0
DA:264,0
DA:271,0
DA:272,0
DA:273,0
DA:276,0
DA:277,0
DA:280,0
DA:281,0
DA:282,0
DA:290,0
DA:291,0
DA:294,0
DA:295,0
DA:298,0
DA:305,0
DA:306,0
DA:323,0
DA:325,0
LF:65
LH:6
BRDA:28,0,0,18
BRDA:28,0,1,18
BRDA:35,1,0,17
BRDA:35,1,1,17
BRDA:42,2,0,0
BRDA:42,2,1,0
BRDA:56,3,0,0
BRDA:56,3,1,0
BRDA:85,4,0,0
BRDA:85,4,1,0
BRDA:86,5,0,0
BRDA:86,5,1,0
BRDA:87,6,0,0
BRDA:87,6,1,0
BRDA:89,7,0,0
BRDA:89,7,1,0
BRDA:104,8,0,0
BRDA:104,8,1,0
BRDA:104,9,0,0
BRDA:104,9,1,0
BRDA:124,10,0,0
BRDA:124,10,1,18
BRDA:159,11,0,0
BRDA:159,11,1,0
BRDA:201,12,0,0
BRDA:201,12,1,0
BRDA:212,13,0,0
BRDA:213,14,0,0
BRDA:213,14,1,0
BRDA:231,15,0,0
BRDA:231,15,1,0
BRDA:272,16,0,0
BRDA:272,16,1,0
BRDA:290,17,0,0
BRDA:290,17,1,0
BRDA:291,18,0,0
BRDA:291,18,1,0
BRDA:294,19,0,0
BRDA:294,19,1,0
BRDA:307,20,0,0
BRDA:307,20,1,0
BRDA:307,20,2,0
BRDA:307,20,3,0
BRDA:309,21,0,0
BRDA:309,21,1,0
BRDA:310,22,0,0
BRDA:310,22,1,0
BRDA:328,23,0,0
BRDA:328,23,1,0
BRDA:329,24,0,0
BRDA:329,24,1,0
BRF:51
BRH:5
end_of_record
TN:
SF:src\utils\navigationUtils.ts
FN:12,(anonymous_0)
FN:24,(anonymous_1)
FN:41,(anonymous_2)
FNF:3
FNH:3
FNDA:6,(anonymous_0)
FNDA:7,(anonymous_1)
FNDA:8,(anonymous_2)
DA:12,1
DA:16,6
DA:24,1
DA:28,7
DA:29,2
DA:30,2
DA:33,5
DA:41,1
DA:42,8
DA:43,2
DA:46,6
LF:11
LH:11
BRDA:28,0,0,2
BRDA:28,0,1,5
BRDA:42,1,0,2
BRDA:42,1,1,6
BRF:4
BRH:4
end_of_record
TN:
SF:src\utils\performanceMonitor.ts
FN:33,(anonymous_0)
FN:42,(anonymous_1)
FN:63,(anonymous_2)
FN:84,(anonymous_3)
FN:107,(anonymous_4)
FN:128,(anonymous_5)
FN:146,(anonymous_6)
FN:152,(anonymous_7)
FN:155,(anonymous_8)
FN:156,(anonymous_9)
FN:157,(anonymous_10)
FN:158,(anonymous_11)
FN:160,(anonymous_12)
FN:169,(anonymous_13)
FN:173,(anonymous_14)
FN:193,(anonymous_15)
FN:201,(anonymous_16)
FN:209,(anonymous_17)
FN:222,(anonymous_18)
FN:229,(anonymous_19)
FN:248,(anonymous_20)
FN:253,(anonymous_21)
FN:256,(anonymous_22)
FN:264,(anonymous_23)
FN:288,(anonymous_24)
FN:298,(anonymous_25)
FN:308,(anonymous_26)
FN:318,(anonymous_27)
FN:328,(anonymous_28)
FN:338,(anonymous_29)
FNF:30
FNH:1
FNDA:1,(anonymous_0)
FNDA:0,(anonymous_1)
FNDA:0,(anonymous_2)
FNDA:0,(anonymous_3)
FNDA:0,(anonymous_4)
FNDA:0,(anonymous_5)
FNDA:0,(anonymous_6)
FNDA:0,(anonymous_7)
FNDA:0,(anonymous_8)
FNDA:0,(anonymous_9)
FNDA:0,(anonymous_10)
FNDA:0,(anonymous_11)
FNDA:0,(anonymous_12)
FNDA:0,(anonymous_13)
FNDA:0,(anonymous_14)
FNDA:0,(anonymous_15)
FNDA:0,(anonymous_16)
FNDA:0,(anonymous_17)
FNDA:0,(anonymous_18)
FNDA:0,(anonymous_19)
FNDA:0,(anonymous_20)
FNDA:0,(anonymous_21)
FNDA:0,(anonymous_22)
FNDA:0,(anonymous_23)
FNDA:0,(anonymous_24)
FNDA:0,(anonymous_25)
FNDA:0,(anonymous_26)
FNDA:0,(anonymous_27)
FNDA:0,(anonymous_28)
FNDA:0,(anonymous_29)
DA:29,1
DA:31,1
DA:35,1
DA:43,0
DA:45,0
DA:54,0
DA:55,0
DA:57,0
DA:64,0
DA:66,0
DA:67,0
DA:69,0
DA:70,0
DA:71,0
DA:72,0
DA:74,0
DA:85,0
DA:87,0
DA:88,0
DA:90,0
DA:91,0
DA:92,0
DA:93,0
DA:94,0
DA:96,0
DA:108,0
DA:110,0
DA:111,0
DA:113,0
DA:114,0
DA:115,0
DA:116,0
DA:118,0
DA:129,0
DA:131,0
DA:132,0
DA:134,0
DA:136,0
DA:147,0
DA:148,0
DA:151,0
DA:152,0
DA:155,0
DA:156,0
DA:157,0
DA:158,0
DA:160,0
DA:161,0
DA:165,0
DA:169,0
DA:172,0
DA:173,0
DA:174,0
DA:175,0
DA:178,0
DA:194,0
DA:195,0
DA:202,0
DA:203,0
DA:210,0
DA:211,0
DA:212,0
DA:214,0
DA:216,0
DA:223,0
DA:231,0
DA:233,0
DA:234,0
DA:240,0
DA:241,0
DA:242,0
DA:249,0
DA:252,0
DA:253,0
DA:254,0
DA:256,0
DA:257,0
DA:265,0
DA:279,1
DA:284,1
DA:289,0
DA:290,0
DA:291,0
DA:299,0
DA:300,0
DA:301,0
DA:309,0
DA:310,0
DA:311,0
DA:319,0
DA:320,0
DA:321,0
DA:329,0
DA:330,0
DA:331,0
DA:339,0
DA:344,0
DA:349,1
DA:350,0
LF:99
LH:6
BRDA:35,0,0,1
BRDA:35,0,1,1
BRDA:42,1,0,0
BRDA:43,2,0,0
BRDA:43,2,1,0
BRDA:64,3,0,0
BRDA:64,3,1,0
BRDA:67,4,0,0
BRDA:67,4,1,0
BRDA:85,5,0,0
BRDA:85,5,1,0
BRDA:88,6,0,0
BRDA:88,6,1,0
BRDA:108,7,0,0
BRDA:108,7,1,0
BRDA:111,8,0,0
BRDA:111,8,1,0
BRDA:129,9,0,0
BRDA:129,9,1,0
BRDA:132,10,0,0
BRDA:132,10,1,0
BRDA:147,11,0,0
BRDA:147,11,1,0
BRDA:160,12,0,0
BRDA:160,12,1,0
BRDA:161,13,0,0
BRDA:161,13,1,0
BRDA:165,14,0,0
BRDA:165,14,1,0
BRDA:175,15,0,0
BRDA:175,15,1,0
BRDA:194,16,0,0
BRDA:194,16,1,0
BRDA:211,17,0,0
BRDA:211,17,1,0
BRDA:216,18,0,0
BRDA:216,18,1,0
BRDA:231,19,0,0
BRDA:231,19,1,0
BRDA:231,20,0,0
BRDA:231,20,1,0
BRDA:249,21,0,0
BRDA:249,21,1,0
BRDA:290,22,0,0
BRDA:290,22,1,0
BRDA:300,23,0,0
BRDA:300,23,1,0
BRDA:309,24,0,0
BRDA:309,24,1,0
BRDA:319,25,0,0
BRDA:319,25,1,0
BRDA:330,26,0,0
BRDA:330,26,1,0
BRDA:349,27,0,0
BRDA:349,27,1,1
BRF:55
BRH:3
end_of_record
TN:
SF:src\utils\responsiveUtils.ts
FN:23,(anonymous_0)
FN:37,(anonymous_1)
FN:47,(anonymous_2)
FN:56,(anonymous_3)
FN:81,(anonymous_4)
FN:161,(anonymous_5)
FN:175,(anonymous_6)
FN:189,(anonymous_7)
FN:197,(anonymous_8)
FN:206,(anonymous_9)
FN:217,(anonymous_10)
FN:236,(anonymous_11)
FN:266,(anonymous_12)
FNF:13
FNH:1
FNDA:11,(anonymous_0)
FNDA:0,(anonymous_1)
FNDA:0,(anonymous_2)
FNDA:0,(anonymous_3)
FNDA:0,(anonymous_4)
FNDA:0,(anonymous_5)
FNDA:0,(anonymous_6)
FNDA:0,(anonymous_7)
FNDA:0,(anonymous_8)
FNDA:0,(anonymous_9)
FNDA:0,(anonymous_10)
FNDA:0,(anonymous_11)
FNDA:0,(anonymous_12)
DA:7,1
DA:23,1
DA:24,11
DA:25,11
DA:26,11
DA:27,11
DA:28,11
DA:37,1
DA:38,0
DA:47,1
DA:48,0
DA:56,1
DA:57,0
DA:58,0
DA:59,0
DA:60,0
DA:81,1
DA:92,0
DA:95,0
DA:104,0
DA:106,0
DA:113,0
DA:115,0
DA:125,0
DA:127,0
DA:128,0
DA:137,0
DA:138,0
DA:139,0
DA:143,0
DA:144,0
DA:152,0
DA:161,1
DA:162,0
DA:163,0
DA:164,0
DA:165,0
DA:175,1
DA:181,0
DA:182,0
DA:183,0
DA:186,0
DA:189,0
DA:190,0
DA:191,0
DA:192,0
DA:193,0
DA:197,0
DA:198,0
DA:199,0
DA:200,0
DA:201,0
DA:202,0
DA:206,0
DA:207,0
DA:208,0
DA:209,0
DA:210,0
DA:211,0
DA:212,0
DA:217,0
DA:218,0
DA:219,0
DA:220,0
DA:221,0
DA:222,0
DA:223,0
DA:227,0
DA:236,1
DA:240,0
DA:243,0
DA:246,0
DA:247,0
DA:248,0
DA:249,0
DA:252,0
DA:253,0
DA:254,0
DA:255,0
DA:256,0
DA:266,1
DA:270,0
DA:273,0
DA:276,0
DA:277,0
DA:278,0
DA:281,0
DA:282,0
DA:283,0
DA:284,0
DA:285,0
LF:91
LH:15
BRDA:24,0,0,0
BRDA:24,0,1,11
BRDA:25,1,0,0
BRDA:25,1,1,11
BRDA:26,2,0,0
BRDA:26,2,1,11
BRDA:27,3,0,0
BRDA:27,3,1,11
BRDA:57,4,0,0
BRDA:57,4,1,0
BRDA:58,5,0,0
BRDA:58,5,1,0
BRDA:59,6,0,0
BRDA:59,6,1,0
BRDA:83,7,0,0
BRDA:84,8,0,0
BRDA:85,9,0,0
BRDA:104,10,0,0
BRDA:104,10,1,0
BRDA:104,11,0,0
BRDA:104,11,1,0
BRDA:113,12,0,0
BRDA:113,12,1,0
BRDA:125,13,0,0
BRDA:125,13,1,0
BRDA:137,14,0,0
BRDA:137,14,1,0
BRDA:143,15,0,0
BRDA:143,15,1,0
BRDA:162,16,0,0
BRDA:162,16,1,0
BRDA:163,17,0,0
BRDA:163,17,1,0
BRDA:163,18,0,0
BRDA:163,18,1,0
BRDA:164,19,0,0
BRDA:164,19,1,0
BRDA:164,20,0,0
BRDA:164,20,1,0
BRDA:190,21,0,0
BRDA:190,21,1,0
BRDA:191,22,0,0
BRDA:191,22,1,0
BRDA:192,23,0,0
BRDA:192,23,1,0
BRDA:199,24,0,0
BRDA:199,24,1,0
BRDA:200,25,0,0
BRDA:200,25,1,0
BRDA:201,26,0,0
BRDA:201,26,1,0
BRDA:208,27,0,0
BRDA:208,27,1,0
BRDA:208,27,2,0
BRDA:208,27,3,0
BRDA:219,28,0,0
BRDA:219,28,1,0
BRDA:219,28,2,0
BRDA:219,28,3,0
BRDA:246,29,0,0
BRDA:246,29,1,0
BRDA:247,30,0,0
BRDA:247,30,1,0
BRDA:248,31,0,0
BRDA:248,31,1,0
BRDA:249,32,0,0
BRDA:249,32,1,0
BRDA:252,33,0,0
BRDA:252,33,1,0
BRDA:252,33,2,0
BRDA:252,33,3,0
BRDA:276,34,0,0
BRDA:276,34,1,0
BRDA:277,35,0,0
BRDA:277,35,1,0
BRDA:278,36,0,0
BRDA:278,36,1,0
BRDA:281,37,0,0
BRDA:281,37,1,0
BRDA:281,37,2,0
BRDA:281,37,3,0
BRF:81
BRH:4
end_of_record
TN:
SF:src\utils\slugUtils.ts
FN:12,generatePhoneSlug
FN:26,parsePhoneSlugsFromUrl
FN:30,(anonymous_2)
FN:30,(anonymous_3)
FN:38,parseComparisonUrl
FN:48,(anonymous_5)
FN:48,(anonymous_6)
FN:59,generateComparisonUrl
FN:62,(anonymous_8)
FN:78,generatePhoneDetailUrl
FN:98,validateComparisonPhoneSlugs
FN:119,(anonymous_11)
FN:136,createShareableComparisonUrl
FNF:13
FNH:6
FNDA:0,generatePhoneSlug
FNDA:0,parsePhoneSlugsFromUrl
FNDA:0,(anonymous_2)
FNDA:0,(anonymous_3)
FNDA:7,parseComparisonUrl
FNDA:9,(anonymous_5)
FNDA:9,(anonymous_6)
FNDA:4,generateComparisonUrl
FNDA:5,(anonymous_8)
FNDA:4,generatePhoneDetailUrl
FNDA:0,validateComparisonPhoneSlugs
FNDA:0,(anonymous_11)
FNDA:0,createShareableComparisonUrl
DA:13,0
DA:27,0
DA:30,0
DA:41,7
DA:42,1
DA:48,9
DA:49,6
DA:60,4
DA:62,3
DA:63,5
DA:64,0
DA:67,5
DA:70,3
DA:79,4
DA:80,0
DA:84,4
DA:85,4
DA:86,1
DA:90,3
DA:102,0
DA:104,0
DA:105,0
DA:108,0
DA:109,0
DA:113,0
DA:114,0
DA:115,0
DA:119,0
DA:120,0
DA:121,0
DA:124,0
DA:137,0
DA:138,0
LF:33
LH:14
BRDA:27,0,0,0
BRDA:27,0,1,0
BRDA:41,1,0,1
BRDA:41,1,1,6
BRDA:60,2,0,1
BRDA:60,2,1,3
BRDA:63,3,0,0
BRDA:63,3,1,5
BRDA:67,4,0,5
BRDA:67,4,1,1
BRDA:79,5,0,0
BRDA:79,5,1,4
BRDA:85,6,0,1
BRDA:85,6,1,3
BRDA:85,7,0,4
BRDA:85,7,1,1
BRDA:104,8,0,0
BRDA:104,8,1,0
BRDA:108,9,0,0
BRDA:108,9,1,0
BRDA:114,10,0,0
BRDA:114,10,1,0
BRDA:119,11,0,0
BRDA:119,11,1,0
BRDA:120,12,0,0
BRDA:120,12,1,0
BRDA:136,13,0,0
BRF:27
BRH:12
end_of_record
TN:
SF:src\utils\suggestionUtils.ts
FN:8,(anonymous_0)
FN:10,(anonymous_1)
FN:11,(anonymous_2)
FN:12,(anonymous_3)
FN:13,(anonymous_4)
FN:20,(anonymous_5)
FN:33,(anonymous_6)
FN:46,(anonymous_7)
FN:61,(anonymous_8)
FN:65,(anonymous_9)
FN:66,(anonymous_10)
FN:75,(anonymous_11)
FNF:12
FNH:0
FNDA:0,(anonymous_0)
FNDA:0,(anonymous_1)
FNDA:0,(anonymous_2)
FNDA:0,(anonymous_3)
FNDA:0,(anonymous_4)
FNDA:0,(anonymous_5)
FNDA:0,(anonymous_6)
FNDA:0,(anonymous_7)
FNDA:0,(anonymous_8)
FNDA:0,(anonymous_9)
FNDA:0,(anonymous_10)
FNDA:0,(anonymous_11)
DA:8,0
DA:9,0
DA:10,0
DA:11,0
DA:12,0
DA:13,0
DA:20,0
DA:21,0
DA:27,0
DA:33,0
DA:34,0
DA:40,0
DA:46,0
DA:47,0
DA:61,0
DA:62,0
DA:65,0
DA:66,0
DA:69,0
DA:75,0
DA:76,0
DA:77,0
LF:22
LH:0
BRDA:27,0,0,0
BRDA:27,0,1,0
BRDA:35,1,0,0
BRDA:35,1,1,0
BRDA:36,2,0,0
BRDA:36,2,1,0
BRDA:37,3,0,0
BRDA:37,3,1,0
BRDA:38,4,0,0
BRDA:38,4,1,0
BRDA:40,5,0,0
BRDA:40,5,1,0
BRDA:40,6,0,0
BRDA:40,6,1,0
BRDA:48,7,0,0
BRDA:48,7,1,0
BRDA:48,7,2,0
BRDA:48,7,3,0
BRDA:48,7,4,0
BRDA:48,7,5,0
BRDA:48,7,6,0
BRF:21
BRH:0
end_of_record
TN:
SF:src\utils\urlUtils.ts
FN:8,(anonymous_0)
FN:81,(anonymous_1)
FNF:2
FNH:0
FNDA:0,(anonymous_0)
FNDA:0,(anonymous_1)
DA:8,0
DA:9,0
DA:12,0
DA:13,0
DA:15,0
DA:16,0
DA:20,0
DA:21,0
DA:25,0
DA:26,0
DA:28,0
DA:29,0
DA:31,0
DA:32,0
DA:36,0
DA:37,0
DA:39,0
DA:40,0
DA:44,0
DA:45,0
DA:47,0
DA:48,0
DA:52,0
DA:53,0
DA:55,0
DA:56,0
DA:58,0
DA:59,0
DA:61,0
DA:62,0
DA:66,0
DA:67,0
DA:69,0
DA:70,0
DA:73,0
DA:81,0
DA:82,0
DA:85,0
DA:86,0
DA:87,0
DA:90,0
DA:91,0
DA:92,0
DA:96,0
DA:97,0
DA:98,0
DA:102,0
DA:103,0
DA:104,0
DA:107,0
DA:108,0
DA:109,0
DA:112,0
DA:113,0
DA:114,0
DA:118,0
DA:119,0
DA:120,0
DA:123,0
DA:124,0
DA:125,0
DA:129,0
DA:130,0
DA:131,0
DA:134,0
DA:135,0
DA:136,0
DA:140,0
DA:141,0
DA:142,0
DA:145,0
DA:146,0
DA:147,0
DA:150,0
DA:151,0
DA:152,0
DA:155,0
DA:156,0
DA:157,0
DA:161,0
DA:162,0
DA:163,0
DA:166,0
DA:167,0
DA:168,0
DA:171,0
LF:86
LH:0
BRDA:12,0,0,0
BRDA:12,0,1,0
BRDA:15,1,0,0
BRDA:15,1,1,0
BRDA:20,2,0,0
BRDA:20,2,1,0
BRDA:25,3,0,0
BRDA:25,3,1,0
BRDA:28,4,0,0
BRDA:28,4,1,0
BRDA:31,5,0,0
BRDA:31,5,1,0
BRDA:36,6,0,0
BRDA:36,6,1,0
BRDA:39,7,0,0
BRDA:39,7,1,0
BRDA:44,8,0,0
BRDA:44,8,1,0
BRDA:47,9,0,0
BRDA:47,9,1,0
BRDA:52,10,0,0
BRDA:52,10,1,0
BRDA:55,11,0,0
BRDA:55,11,1,0
BRDA:58,12,0,0
BRDA:58,12,1,0
BRDA:61,13,0,0
BRDA:61,13,1,0
BRDA:66,14,0,0
BRDA:66,14,1,0
BRDA:69,15,0,0
BRDA:69,15,1,0
BRDA:86,16,0,0
BRDA:86,16,1,0
BRDA:91,17,0,0
BRDA:91,17,1,0
BRDA:97,18,0,0
BRDA:97,18,1,0
BRDA:103,19,0,0
BRDA:103,19,1,0
BRDA:108,20,0,0
BRDA:108,20,1,0
BRDA:113,21,0,0
BRDA:113,21,1,0
BRDA:119,22,0,0
BRDA:119,22,1,0
BRDA:124,23,0,0
BRDA:124,23,1,0
BRDA:130,24,0,0
BRDA:130,24,1,0
BRDA:135,25,0,0
BRDA:135,25,1,0
BRDA:141,26,0,0
BRDA:141,26,1,0
BRDA:146,27,0,0
BRDA:146,27,1,0
BRDA:151,28,0,0
BRDA:151,28,1,0
BRDA:156,29,0,0
BRDA:156,29,1,0
BRDA:162,30,0,0
BRDA:162,30,1,0
BRDA:167,31,0,0
BRDA:167,31,1,0
BRF:64
BRH:0
end_of_record
